#
# A fatal error has been detected by the Java Runtime Environment:
#
#  SIGSEGV (0xb) at pc=0x0000000105a47d98, pid=20155, tid=0x0000000000001b03
#
# JRE version: Java(TM) SE Runtime Environment (8.0_152-b05) (build 1.8.0_152-ea-b05)
# Java VM: Java HotSpot(TM) 64-Bit Server VM (25.152-b05 mixed mode bsd-amd64 compressed oops)
# Problematic frame:
# V  [libjvm.dylib+0x247d98]
#
# Failed to write core dump. Core dumps have been disabled. To enable core dumping, try "ulimit -c unlimited" before starting Java again
#
# If you would like to submit a bug report, please visit:
#   http://bugreport.java.com/bugreport/crash.jsp
#

---------------  T H R E A D  ---------------

Current thread (0x00007fa04d80a000):  JavaThread "main" [_thread_in_vm, id=6915, stack(0x0000700006400000,0x0000700006500000)]

siginfo: si_signo: 11 (SIGSEGV), si_code: 1 (SEGV_MAPERR), si_addr: 0x0000000000000000

Registers:
RAX=0x0000000000000000, RBX=0x00007000064fd9d8, RCX=0x0000000000000000, RDX=0x000000010b16c360
RSP=0x00007000064fd980, RBP=0x00007000064fd9a0, RSI=0x00007000064fda58, RDI=0x00007000064fda58
R8 =0x0000000000000010, R9 =0x0000000000000001, R10=0x000000010b17e708, R11=0x0000000105cb6a37
R12=0x00007000064fd9d8, R13=0x0000000000000000, R14=0x00007000064fda88, R15=0x00007000064fda58
RIP=0x0000000105a47d98, EFLAGS=0x0000000000010246, ERR=0x0000000000000004
  TRAPNO=0x000000000000000e

Top of Stack: (sp=0x00007000064fd980)
0x00007000064fd980:   0000000000000000 0000000000000000
0x00007000064fd990:   00007000064fda58 00007000064fda88
0x00007000064fd9a0:   00007000064fe0e0 0000000105ae6608
0x00007000064fd9b0:   000004004d80a000 00007fa04d80a000
0x00007000064fd9c0:   0101000000000006 00007fa04c603b10
0x00007000064fd9d0:   0000000000000000 00007000064fff88
0x00007000064fd9e0:   0000000000000000 0000000000000000
0x00007000064fd9f0:   00007fa000000000 0000000000000000
0x00007000064fda00:   00007000064fff88 00007000064ff938
0x00007000064fda10:   0000000100000000 0000000000000000
0x00007000064fda20:   00007fa000000000 00007000064ff9b0
0x00007000064fda30:   00007000064ff948 00007fa04c603b20
0x00007000064fda40:   00007fa04c603bc8 00000000000000d8
0x00007000064fda50:   00007000064fe7b0 00007000064fff88
0x00007000064fda60:   0000000000000000 0000000000000000
0x00007000064fda70:   0000000700000000 0000000000000000
0x00007000064fda80:   00007000064fff88 00007000064fe418
0x00007000064fda90:   00007000064fdc78 0000000105a47d7b
0x00007000064fdaa0:   00007000064fdca8 00000001092229b8
0x00007000064fdab0:   00007fa04d80a000 00007000064fdce0
0x00007000064fdac0:   00007000064fdb40 0000000105ae84ac
0x00007000064fdad0:   0000000000000000 00000001092229b8
0x00007000064fdae0:   00007fa04d80a000 0000000105aa79d5
0x00007000064fdaf0:   0000000000000000 00000001092229b8
0x00007000064fdb00:   00007fa04d80a000 00000001092229b8
0x00007000064fdb10:   00000001092227d0 00000001092229b8
0x00007000064fdb20:   00000001092227d0 00000001092229b8
0x00007000064fdb30:   000000010b1799c0 00000007c003b360
0x00007000064fdb40:   00000001092229b8 00000001092229b8
0x00007000064fdb50:   00000001092229b8 00000001090e7f88
0x00007000064fdb60:   0000000000000000 00007fa04c603b18
0x00007000064fdb70:   00007000064fe3b0 0000000105b244bd 

Instructions: (pc=0x0000000105a47d98)
0x0000000105a47d78:   fc ff ff eb 77 49 83 7f 10 00 74 10 4c 89 e7 4c
0x0000000105a47d88:   89 fe 4c 89 f2 e8 5e fd ff ff eb 60 49 8b 47 20
0x0000000105a47d98:   48 8b 08 48 8b 78 08 48 83 c0 10 49 89 04 24 49
0x0000000105a47da8:   89 44 24 28 49 89 4c 24 20 49 89 7c 24 08 e8 b9 

Register to memory mapping:

RAX=0x0000000000000000 is an unknown value
RBX=0x00007000064fd9d8 is pointing into the stack for thread: 0x00007fa04d80a000
RCX=0x0000000000000000 is an unknown value
RDX=0x000000010b16c360 is pointing into interpreter code (not bytecode specific)
RSP=0x00007000064fd980 is pointing into the stack for thread: 0x00007fa04d80a000
RBP=0x00007000064fd9a0 is pointing into the stack for thread: 0x00007fa04d80a000
RSI=0x00007000064fda58 is pointing into the stack for thread: 0x00007fa04d80a000
RDI=0x00007000064fda58 is pointing into the stack for thread: 0x00007fa04d80a000
R8 =0x0000000000000010 is an unknown value
R9 =0x0000000000000001 is an unknown value
R10=0x000000010b17e708 is at code_begin+808 in an Interpreter codelet
method entry point (kind = native)  [0x000000010b17e3e0, 0x000000010b17ece0]  2304 bytes
R11=0x0000000105cb6a37: throw_unsatisfied_link_error+0 in /Library/Java/JavaVirtualMachines/jdk1.8.0_152.jdk/Contents/Home/jre/lib/server/libjvm.dylib at 0x0000000105800000
R12=0x00007000064fd9d8 is pointing into the stack for thread: 0x00007fa04d80a000
R13=0x0000000000000000 is an unknown value
R14=0x00007000064fda88 is pointing into the stack for thread: 0x00007fa04d80a000
R15=0x00007000064fda58 is pointing into the stack for thread: 0x00007fa04d80a000


Stack: [0x0000700006400000,0x0000700006500000],  sp=0x00007000064fd980,  free space=1014k
Native frames: (J=compiled Java code, j=interpreted, Vv=VM code, C=native code)
V  [libjvm.dylib+0x247d98]
V  [libjvm.dylib+0x2e6608]
V  [libjvm.dylib+0x2e6a2b]
V  [libjvm.dylib+0x32581b]
C  [libjava.dylib+0x8687]  Java_java_lang_Throwable_fillInStackTrace+0x14
j  java.lang.Throwable.fillInStackTrace(I)Ljava/lang/Throwable;+0
j  java.lang.Throwable.fillInStackTrace()Ljava/lang/Throwable;+16
j  java.lang.Throwable.<init>(Ljava/lang/String;Ljava/lang/Throwable;)V+24
j  java.lang.Exception.<init>(Ljava/lang/String;Ljava/lang/Throwable;)V+3
j  java.lang.ReflectiveOperationException.<init>(Ljava/lang/String;Ljava/lang/Throwable;)V+3
j  java.lang.ClassNotFoundException.<init>(Ljava/lang/String;)V+3
j  java.net.URLClassLoader.findClass(Ljava/lang/String;)Ljava/lang/Class;+41
j  java.lang.ClassLoader.loadClass(Ljava/lang/String;Z)Ljava/lang/Class;+70
j  java.lang.ClassLoader.loadClass(Ljava/lang/String;Z)Ljava/lang/Class;+38
j  sun.misc.Launcher$AppClassLoader.loadClass(Ljava/lang/String;Z)Ljava/lang/Class;+81
j  java.lang.ClassLoader.loadClass(Ljava/lang/String;)Ljava/lang/Class;+3
v  ~StubRoutines::call_stub
V  [libjvm.dylib+0x2e09e2]
V  [libjvm.dylib+0x2e1186]
V  [libjvm.dylib+0x2e12de]
V  [libjvm.dylib+0x50df56]
V  [libjvm.dylib+0x50d722]
V  [libjvm.dylib+0x50e172]
V  [libjvm.dylib+0x50e7f1]
V  [libjvm.dylib+0x1dea7a]
V  [libjvm.dylib+0x1eecbe]
V  [libjvm.dylib+0x3a0ee4]
V  [libjvm.dylib+0x3a4670]
V  [libjvm.dylib+0x3a4795]
V  [libjvm.dylib+0x2db29f]
j  Main.main([Ljava/lang/String;)V+17
C  0x0000000100000000
V  [libjvm.dylib+0x2e09e2]
V  [libjvm.dylib+0x2faeab]
V  [libjvm.dylib+0x2f3ccd]
C  [java+0x38d1]  JavaMain+0x9c4
C  [libsystem_pthread.dylib+0x36c1]  _pthread_body+0x154
C  [libsystem_pthread.dylib+0x356d]  _pthread_body+0x0
C  [libsystem_pthread.dylib+0x2c5d]  thread_start+0xd
C  0x0000000000000000

Java frames: (J=compiled Java code, j=interpreted, Vv=VM code)
j  java.lang.Throwable.fillInStackTrace(I)Ljava/lang/Throwable;+0
j  java.lang.Throwable.fillInStackTrace()Ljava/lang/Throwable;+16
j  java.lang.Throwable.<init>(Ljava/lang/String;Ljava/lang/Throwable;)V+24
j  java.lang.Exception.<init>(Ljava/lang/String;Ljava/lang/Throwable;)V+3
j  java.lang.ReflectiveOperationException.<init>(Ljava/lang/String;Ljava/lang/Throwable;)V+3
j  java.lang.ClassNotFoundException.<init>(Ljava/lang/String;)V+3
j  java.net.URLClassLoader.findClass(Ljava/lang/String;)Ljava/lang/Class;+41
j  java.lang.ClassLoader.loadClass(Ljava/lang/String;Z)Ljava/lang/Class;+70
j  java.lang.ClassLoader.loadClass(Ljava/lang/String;Z)Ljava/lang/Class;+38
j  sun.misc.Launcher$AppClassLoader.loadClass(Ljava/lang/String;Z)Ljava/lang/Class;+81
j  java.lang.ClassLoader.loadClass(Ljava/lang/String;)Ljava/lang/Class;+3
v  ~StubRoutines::call_stub
j  Main.main([Ljava/lang/String;)V+17
C  0x0000000100000000
V  [libjvm.dylib+0x2e09e2]
V  [libjvm.dylib+0x2faeab]
V  [libjvm.dylib+0x2f3ccd]
C  [java+0x38d1]  JavaMain+0x9c4
C  [libsystem_pthread.dylib+0x36c1]  _pthread_body+0x154
C  [libsystem_pthread.dylib+0x356d]  _pthread_body+0x0
C  [libsystem_pthread.dylib+0x2c5d]  thread_start+0xd
C  0x0000000000000000

[error occurred during error reporting (printing Java stack), id 0xb]


---------------  P R O C E S S  ---------------

Java Threads: ( => current thread )
  0x00007fa04e009000 JavaThread "Service Thread" daemon [_thread_blocked, id=18435, stack(0x0000700007024000,0x0000700007124000)]
  0x00007fa04d83d000 JavaThread "C1 CompilerThread2" daemon [_thread_blocked, id=17923, stack(0x0000700006f21000,0x0000700007021000)]
  0x00007fa04d83c000 JavaThread "C2 CompilerThread1" daemon [_thread_blocked, id=17411, stack(0x0000700006e1e000,0x0000700006f1e000)]
  0x00007fa04d00f800 JavaThread "C2 CompilerThread0" daemon [_thread_blocked, id=16899, stack(0x0000700006d1b000,0x0000700006e1b000)]
  0x00007fa04d00e000 JavaThread "Signal Dispatcher" daemon [_thread_blocked, id=16395, stack(0x0000700006c18000,0x0000700006d18000)]
  0x00007fa04d024800 JavaThread "Finalizer" daemon [_thread_blocked, id=13059, stack(0x0000700006b15000,0x0000700006c15000)]
  0x00007fa04e008000 JavaThread "Reference Handler" daemon [_thread_blocked, id=12547, stack(0x0000700006a12000,0x0000700006b12000)]
=>0x00007fa04d80a000 JavaThread "main" [_thread_in_vm, id=6915, stack(0x0000700006400000,0x0000700006500000)]

Other Threads:
  0x00007fa04e003800 VMThread [stack: 0x000070000690f000,0x0000700006a0f000] [id=12035]
  0x00007fa04d007000 WatcherThread [stack: 0x0000700007127000,0x0000700007227000] [id=18947]

VM state:not at safepoint (normal execution)

VM Mutex/Monitor currently owned by a thread: None

Heap:
 PSYoungGen      total 18944K, used 983K [0x00000007aab00000, 0x00000007ac000000, 0x00000007c0000000)
  eden space 16384K, 6% used [0x00000007aab00000,0x00000007aabf5c60,0x00000007abb00000)
  from space 2560K, 0% used [0x00000007abd80000,0x00000007abd80000,0x00000007ac000000)
  to   space 2560K, 0% used [0x00000007abb00000,0x00000007abb00000,0x00000007abd80000)
 ParOldGen       total 44032K, used 0K [0x0000000780000000, 0x0000000782b00000, 0x00000007aab00000)
  object space 44032K, 0% used [0x0000000780000000,0x0000000780000000,0x0000000782b00000)
 Metaspace       used 2629K, capacity 4486K, committed 4864K, reserved 1056768K
  class space    used 277K, capacity 386K, committed 512K, reserved 1048576K

Card table byte_map: [0x0000000106ac4000,0x0000000106cc5000] byte_map_base: 0x0000000102ec4000

Marking Bits: (ParMarkBitMap*) 0x0000000106098890
 Begin Bits: [0x0000000106e1b000, 0x0000000107e1b000)
 End Bits:   [0x0000000107e1b000, 0x0000000108e1b000)

Polling page: 0x0000000104fb0000

CodeCache: size=245760Kb used=1109Kb max_used=1111Kb free=244650Kb
 bounds [0x000000010b167000, 0x000000010b3d7000, 0x000000011a167000]
 total_blobs=252 nmethods=22 adapters=145
 compilation: enabled

Compilation events (10 events):
Event: 0,118 Thread 0x00007fa04d00f800 nmethod 14 0x000000010b27cb50 code [0x000000010b27cca0, 0x000000010b27cf18]
Event: 0,118 Thread 0x00007fa04d83d000 nmethod 15 0x000000010b27b890 code [0x000000010b27bac0, 0x000000010b27c5f8]
Event: 0,118 Thread 0x00007fa04d83d000   20       3       java.lang.String::endsWith (17 bytes)
Event: 0,119 Thread 0x00007fa04d83d000 nmethod 20 0x000000010b27b3d0 code [0x000000010b27b540, 0x000000010b27b768]
Event: 0,119 Thread 0x00007fa04d83d000   19       3       java.util.HashMap::get (23 bytes)
Event: 0,119 Thread 0x00007fa04d83d000 nmethod 19 0x000000010b27acd0 code [0x000000010b27ae60, 0x000000010b27b278]
Event: 0,119 Thread 0x00007fa04d83d000   21       1       java.lang.ref.Reference::get (5 bytes)
Event: 0,119 Thread 0x00007fa04d83d000 nmethod 21 0x000000010b27aa10 code [0x000000010b27ab60, 0x000000010b27ac70]
Event: 0,120 Thread 0x00007fa04d83d000   22       3       java.lang.String::indexOf (7 bytes)
Event: 0,120 Thread 0x00007fa04d83d000 nmethod 22 0x000000010b27a610 code [0x000000010b27a780, 0x000000010b27a988]

GC Heap History (0 events):
No events

Deoptimization events (0 events):
No events

Classes redefined (0 events):
No events

Internal exceptions (2 events):
Event: 0,041 Thread 0x00007fa04d80a000 Exception <a 'java/lang/NoSuchMethodError': Method sun.misc.Unsafe.defineClass(Ljava/lang/String;[BII)Ljava/lang/Class; name or signature does not match> (0x00000007aab07ca8) thrown at [/Users/java_re/workspace/8-2-build-macosx-x86_64/jdk8u152/9280.nc/hot
Event: 0,041 Thread 0x00007fa04d80a000 Exception <a 'java/lang/NoSuchMethodError': Method sun.misc.Unsafe.prefetchRead(Ljava/lang/Object;J)V name or signature does not match> (0x00000007aab07f90) thrown at [/Users/java_re/workspace/8-2-build-macosx-x86_64/jdk8u152/9280.nc/hotspot/src/share/vm/

Events (10 events):
Event: 0,121 loading class java/security/BasicPermissionCollection
Event: 0,121 loading class java/security/BasicPermissionCollection done
Event: 0,121 loading class sun/launcher/LauncherHelper$FXHelper
Event: 0,121 loading class sun/launcher/LauncherHelper$FXHelper done
Event: 0,121 loading class java/lang/Class$MethodArray
Event: 0,121 loading class java/lang/Class$MethodArray done
Event: 0,121 loading class java/lang/Void
Event: 0,121 loading class java/lang/Void done
Event: 0,122 loading class Print
Event: 0,122 loading class Print done


Dynamic libraries:
0x0000000022195000 	/System/Library/Frameworks/Cocoa.framework/Versions/A/Cocoa
0x0000000022195000 	/System/Library/Frameworks/Security.framework/Versions/A/Security
0x0000000022195000 	/System/Library/Frameworks/ApplicationServices.framework/Versions/A/ApplicationServices
0x0000000022195000 	/usr/lib/libz.1.dylib
0x0000000022195000 	/usr/lib/libSystem.B.dylib
0x0000000022195000 	/usr/lib/libobjc.A.dylib
0x0000000022195000 	/System/Library/Frameworks/CoreFoundation.framework/Versions/A/CoreFoundation
0x0000000022195000 	/System/Library/Frameworks/Foundation.framework/Versions/C/Foundation
0x0000000022195000 	/System/Library/Frameworks/AppKit.framework/Versions/C/AppKit
0x0000000022195000 	/System/Library/Frameworks/CoreData.framework/Versions/A/CoreData
0x0000000022195000 	/System/Library/PrivateFrameworks/RemoteViewServices.framework/Versions/A/RemoteViewServices
0x0000000022195000 	/System/Library/PrivateFrameworks/UIFoundation.framework/Versions/A/UIFoundation
0x0000000022195000 	/System/Library/PrivateFrameworks/DFRFoundation.framework/Versions/A/DFRFoundation
0x0000000022195000 	/System/Library/Frameworks/Metal.framework/Versions/A/Metal
0x0000000022195000 	/System/Library/PrivateFrameworks/DesktopServicesPriv.framework/Versions/A/DesktopServicesPriv
0x0000000022195000 	/usr/lib/libenergytrace.dylib
0x0000000022195000 	/System/Library/PrivateFrameworks/SkyLight.framework/Versions/A/SkyLight
0x0000000022195000 	/System/Library/Frameworks/CoreGraphics.framework/Versions/A/CoreGraphics
0x0000000022195000 	/usr/lib/libScreenReader.dylib
0x0000000022195000 	/System/Library/Frameworks/Accelerate.framework/Versions/A/Accelerate
0x0000000022195000 	/System/Library/Frameworks/IOSurface.framework/Versions/A/IOSurface
0x0000000022195000 	/System/Library/Frameworks/AudioToolbox.framework/Versions/A/AudioToolbox
0x0000000022195000 	/System/Library/Frameworks/AudioUnit.framework/Versions/A/AudioUnit
0x0000000022195000 	/System/Library/PrivateFrameworks/DataDetectorsCore.framework/Versions/A/DataDetectorsCore
0x0000000022195000 	/System/Library/Frameworks/Carbon.framework/Versions/A/Frameworks/HIToolbox.framework/Versions/A/HIToolbox
0x0000000022195000 	/usr/lib/libicucore.A.dylib
0x0000000022195000 	/System/Library/Frameworks/QuartzCore.framework/Versions/A/QuartzCore
0x0000000022195000 	/System/Library/Frameworks/Carbon.framework/Versions/A/Frameworks/SpeechRecognition.framework/Versions/A/SpeechRecognition
0x0000000022195000 	/usr/lib/libauto.dylib
0x0000000022195000 	/usr/lib/libxml2.2.dylib
0x0000000022195000 	/System/Library/PrivateFrameworks/CoreUI.framework/Versions/A/CoreUI
0x0000000022195000 	/System/Library/Frameworks/CoreAudio.framework/Versions/A/CoreAudio
0x0000000022195000 	/System/Library/Frameworks/DiskArbitration.framework/Versions/A/DiskArbitration
0x0000000022195000 	/usr/lib/liblangid.dylib
0x0000000022195000 	/System/Library/PrivateFrameworks/MultitouchSupport.framework/Versions/A/MultitouchSupport
0x0000000022195000 	/System/Library/Frameworks/IOKit.framework/Versions/A/IOKit
0x0000000022195000 	/usr/lib/libDiagnosticMessagesClient.dylib
0x0000000022195000 	/System/Library/Frameworks/CoreServices.framework/Versions/A/CoreServices
0x0000000022195000 	/System/Library/PrivateFrameworks/PerformanceAnalysis.framework/Versions/A/PerformanceAnalysis
0x0000000022195000 	/System/Library/Frameworks/OpenGL.framework/Versions/A/OpenGL
0x0000000022195000 	/System/Library/Frameworks/ColorSync.framework/Versions/A/ColorSync
0x0000000022195000 	/System/Library/Frameworks/CoreImage.framework/Versions/A/CoreImage
0x0000000022195000 	/System/Library/Frameworks/CoreText.framework/Versions/A/CoreText
0x0000000022195000 	/System/Library/Frameworks/ImageIO.framework/Versions/A/ImageIO
0x0000000022195000 	/System/Library/PrivateFrameworks/Backup.framework/Versions/A/Backup
0x0000000022195000 	/usr/lib/libarchive.2.dylib
0x0000000022195000 	/System/Library/Frameworks/CFNetwork.framework/Versions/A/CFNetwork
0x0000000022195000 	/System/Library/Frameworks/SystemConfiguration.framework/Versions/A/SystemConfiguration
0x0000000022195000 	/usr/lib/libCRFSuite.dylib
0x0000000022195000 	/usr/lib/libc++.1.dylib
0x0000000022195000 	/usr/lib/libc++abi.dylib
0x0000000022195000 	/usr/lib/system/libcache.dylib
0x0000000022195000 	/usr/lib/system/libcommonCrypto.dylib
0x0000000022195000 	/usr/lib/system/libcompiler_rt.dylib
0x0000000022195000 	/usr/lib/system/libcopyfile.dylib
0x0000000022195000 	/usr/lib/system/libcorecrypto.dylib
0x0000000022195000 	/usr/lib/system/libdispatch.dylib
0x0000000022195000 	/usr/lib/system/libdyld.dylib
0x0000000022195000 	/usr/lib/system/libkeymgr.dylib
0x0000000022195000 	/usr/lib/system/liblaunch.dylib
0x0000000022195000 	/usr/lib/system/libmacho.dylib
0x0000000022195000 	/usr/lib/system/libquarantine.dylib
0x0000000022195000 	/usr/lib/system/libremovefile.dylib
0x0000000022195000 	/usr/lib/system/libsystem_asl.dylib
0x0000000022195000 	/usr/lib/system/libsystem_blocks.dylib
0x0000000022195000 	/usr/lib/system/libsystem_c.dylib
0x0000000022195000 	/usr/lib/system/libsystem_configuration.dylib
0x0000000022195000 	/usr/lib/system/libsystem_coreservices.dylib
0x0000000022195000 	/usr/lib/system/libsystem_darwin.dylib
0x0000000022195000 	/usr/lib/system/libsystem_dnssd.dylib
0x0000000022195000 	/usr/lib/system/libsystem_info.dylib
0x0000000022195000 	/usr/lib/system/libsystem_m.dylib
0x0000000022195000 	/usr/lib/system/libsystem_malloc.dylib
0x0000000022195000 	/usr/lib/system/libsystem_network.dylib
0x0000000022195000 	/usr/lib/system/libsystem_networkextension.dylib
0x0000000022195000 	/usr/lib/system/libsystem_notify.dylib
0x0000000022195000 	/usr/lib/system/libsystem_sandbox.dylib
0x0000000022195000 	/usr/lib/system/libsystem_secinit.dylib
0x0000000022195000 	/usr/lib/system/libsystem_kernel.dylib
0x0000000022195000 	/usr/lib/system/libsystem_platform.dylib
0x0000000022195000 	/usr/lib/system/libsystem_pthread.dylib
0x0000000022195000 	/usr/lib/system/libsystem_symptoms.dylib
0x0000000022195000 	/usr/lib/system/libsystem_trace.dylib
0x0000000022195000 	/usr/lib/system/libunwind.dylib
0x0000000022195000 	/usr/lib/system/libxpc.dylib
0x0000000022195000 	/usr/lib/closure/libclosured.dylib
0x0000000022195000 	/usr/lib/libbsm.0.dylib
0x0000000022195000 	/usr/lib/system/libkxld.dylib
0x0000000022195000 	/usr/lib/libOpenScriptingUtil.dylib
0x0000000022195000 	/usr/lib/libcoretls.dylib
0x0000000022195000 	/usr/lib/libcoretls_cfhelpers.dylib
0x0000000022195000 	/usr/lib/libpam.2.dylib
0x0000000022195000 	/usr/lib/libsqlite3.dylib
0x0000000022195000 	/usr/lib/libxar.1.dylib
0x0000000022195000 	/usr/lib/libbz2.1.0.dylib
0x0000000022195000 	/usr/lib/liblzma.5.dylib
0x0000000022195000 	/usr/lib/libnetwork.dylib
0x0000000022195000 	/usr/lib/libapple_nghttp2.dylib
0x0000000022195000 	/usr/lib/libpcap.A.dylib
0x0000000022195000 	/usr/lib/libboringssl.dylib
0x0000000022195000 	/usr/lib/libusrtcp.dylib
0x0000000022195000 	/usr/lib/libapple_crypto.dylib
0x0000000022195000 	/System/Library/Frameworks/CoreServices.framework/Versions/A/Frameworks/FSEvents.framework/Versions/A/FSEvents
0x0000000022195000 	/System/Library/Frameworks/CoreServices.framework/Versions/A/Frameworks/CarbonCore.framework/Versions/A/CarbonCore
0x0000000022195000 	/System/Library/Frameworks/CoreServices.framework/Versions/A/Frameworks/Metadata.framework/Versions/A/Metadata
0x0000000022195000 	/System/Library/Frameworks/CoreServices.framework/Versions/A/Frameworks/OSServices.framework/Versions/A/OSServices
0x0000000022195000 	/System/Library/Frameworks/CoreServices.framework/Versions/A/Frameworks/SearchKit.framework/Versions/A/SearchKit
0x0000000022195000 	/System/Library/Frameworks/CoreServices.framework/Versions/A/Frameworks/AE.framework/Versions/A/AE
0x0000000022195000 	/System/Library/Frameworks/CoreServices.framework/Versions/A/Frameworks/LaunchServices.framework/Versions/A/LaunchServices
0x0000000022195000 	/System/Library/Frameworks/CoreServices.framework/Versions/A/Frameworks/DictionaryServices.framework/Versions/A/DictionaryServices
0x0000000022195000 	/System/Library/Frameworks/CoreServices.framework/Versions/A/Frameworks/SharedFileList.framework/Versions/A/SharedFileList
0x0000000022195000 	/System/Library/Frameworks/NetFS.framework/Versions/A/NetFS
0x0000000022195000 	/System/Library/PrivateFrameworks/NetAuth.framework/Versions/A/NetAuth
0x0000000022195000 	/System/Library/PrivateFrameworks/login.framework/Versions/A/Frameworks/loginsupport.framework/Versions/A/loginsupport
0x0000000022195000 	/System/Library/PrivateFrameworks/TCC.framework/Versions/A/TCC
0x0000000022195000 	/usr/lib/libmecabra.dylib
0x0000000022195000 	/System/Library/Frameworks/ApplicationServices.framework/Versions/A/Frameworks/ATS.framework/Versions/A/ATS
0x0000000022195000 	/System/Library/Frameworks/ApplicationServices.framework/Versions/A/Frameworks/ColorSyncLegacy.framework/Versions/A/ColorSyncLegacy
0x0000000022195000 	/System/Library/Frameworks/ApplicationServices.framework/Versions/A/Frameworks/HIServices.framework/Versions/A/HIServices
0x0000000022195000 	/System/Library/Frameworks/ApplicationServices.framework/Versions/A/Frameworks/LangAnalysis.framework/Versions/A/LangAnalysis
0x0000000022195000 	/System/Library/Frameworks/ApplicationServices.framework/Versions/A/Frameworks/PrintCore.framework/Versions/A/PrintCore
0x0000000022195000 	/System/Library/Frameworks/ApplicationServices.framework/Versions/A/Frameworks/QD.framework/Versions/A/QD
0x0000000022195000 	/System/Library/Frameworks/ApplicationServices.framework/Versions/A/Frameworks/SpeechSynthesis.framework/Versions/A/SpeechSynthesis
0x0000000022195000 	/System/Library/Frameworks/CoreDisplay.framework/Versions/A/CoreDisplay
0x0000000022195000 	/System/Library/Frameworks/Accelerate.framework/Versions/A/Frameworks/vImage.framework/Versions/A/vImage
0x0000000022195000 	/System/Library/Frameworks/Accelerate.framework/Versions/A/Frameworks/vecLib.framework/Versions/A/vecLib
0x0000000022195000 	/System/Library/Frameworks/Accelerate.framework/Versions/A/Frameworks/vecLib.framework/Versions/A/libvDSP.dylib
0x0000000022195000 	/System/Library/Frameworks/Accelerate.framework/Versions/A/Frameworks/vecLib.framework/Versions/A/libBNNS.dylib
0x0000000022195000 	/System/Library/Frameworks/Accelerate.framework/Versions/A/Frameworks/vecLib.framework/Versions/A/libQuadrature.dylib
0x0000000022195000 	/System/Library/Frameworks/Accelerate.framework/Versions/A/Frameworks/vecLib.framework/Versions/A/libvMisc.dylib
0x0000000022195000 	/System/Library/Frameworks/Accelerate.framework/Versions/A/Frameworks/vecLib.framework/Versions/A/libLAPACK.dylib
0x0000000022195000 	/System/Library/Frameworks/Accelerate.framework/Versions/A/Frameworks/vecLib.framework/Versions/A/libBLAS.dylib
0x0000000022195000 	/System/Library/Frameworks/Accelerate.framework/Versions/A/Frameworks/vecLib.framework/Versions/A/libLinearAlgebra.dylib
0x0000000022195000 	/System/Library/Frameworks/Accelerate.framework/Versions/A/Frameworks/vecLib.framework/Versions/A/libSparse.dylib
0x0000000022195000 	/System/Library/Frameworks/Accelerate.framework/Versions/A/Frameworks/vecLib.framework/Versions/A/libSparseBLAS.dylib
0x0000000022195000 	/System/Library/PrivateFrameworks/IOAccelerator.framework/Versions/A/IOAccelerator
0x0000000022195000 	/System/Library/PrivateFrameworks/IOPresentment.framework/Versions/A/IOPresentment
0x0000000022195000 	/System/Library/PrivateFrameworks/DSExternalDisplay.framework/Versions/A/DSExternalDisplay
0x0000000022195000 	/System/Library/Frameworks/OpenGL.framework/Versions/A/Libraries/libCoreFSCache.dylib
0x0000000022195000 	/System/Library/Frameworks/CoreVideo.framework/Versions/A/CoreVideo
0x0000000022195000 	/System/Library/PrivateFrameworks/GraphVisualizer.framework/Versions/A/GraphVisualizer
0x0000000022195000 	/System/Library/Frameworks/MetalPerformanceShaders.framework/Versions/A/MetalPerformanceShaders
0x0000000022195000 	/usr/lib/libFosl_dynamic.dylib
0x0000000022195000 	/System/Library/PrivateFrameworks/FaceCore.framework/Versions/A/FaceCore
0x0000000022195000 	/System/Library/Frameworks/OpenCL.framework/Versions/A/OpenCL
0x0000000022195000 	/usr/lib/libcompression.dylib
0x0000000022195000 	/System/Library/Frameworks/ApplicationServices.framework/Versions/A/Frameworks/ATS.framework/Versions/A/Resources/libFontParser.dylib
0x0000000022195000 	/System/Library/Frameworks/ApplicationServices.framework/Versions/A/Frameworks/ATS.framework/Versions/A/Resources/libFontRegistry.dylib
0x0000000022195000 	/System/Library/Frameworks/ImageIO.framework/Versions/A/Resources/libJPEG.dylib
0x0000000022195000 	/System/Library/Frameworks/ImageIO.framework/Versions/A/Resources/libTIFF.dylib
0x0000000022195000 	/System/Library/Frameworks/ImageIO.framework/Versions/A/Resources/libPng.dylib
0x0000000022195000 	/System/Library/Frameworks/ImageIO.framework/Versions/A/Resources/libGIF.dylib
0x0000000022195000 	/System/Library/Frameworks/ImageIO.framework/Versions/A/Resources/libJP2.dylib
0x0000000022195000 	/System/Library/Frameworks/ImageIO.framework/Versions/A/Resources/libRadiance.dylib
0x0000000022195000 	/System/Library/PrivateFrameworks/AppleJPEG.framework/Versions/A/AppleJPEG
0x0000000022195000 	/System/Library/PrivateFrameworks/MetalTools.framework/Versions/A/MetalTools
0x0000000022195000 	/System/Library/Frameworks/MetalPerformanceShaders.framework/Frameworks/MPSCore.framework/Versions/A/MPSCore
0x0000000022195000 	/System/Library/Frameworks/MetalPerformanceShaders.framework/Frameworks/MPSImage.framework/Versions/A/MPSImage
0x0000000022195000 	/System/Library/Frameworks/MetalPerformanceShaders.framework/Frameworks/MPSMatrix.framework/Versions/A/MPSMatrix
0x0000000022195000 	/System/Library/Frameworks/MetalPerformanceShaders.framework/Frameworks/MPSNeuralNetwork.framework/Versions/A/MPSNeuralNetwork
0x0000000022195000 	/System/Library/Frameworks/OpenGL.framework/Versions/A/Libraries/libGLU.dylib
0x0000000022195000 	/System/Library/Frameworks/OpenGL.framework/Versions/A/Libraries/libGFXShared.dylib
0x0000000022195000 	/System/Library/Frameworks/OpenGL.framework/Versions/A/Libraries/libGL.dylib
0x0000000022195000 	/System/Library/Frameworks/OpenGL.framework/Versions/A/Libraries/libGLImage.dylib
0x0000000022195000 	/System/Library/Frameworks/OpenGL.framework/Versions/A/Libraries/libCVMSPluginSupport.dylib
0x0000000022195000 	/System/Library/Frameworks/OpenGL.framework/Versions/A/Libraries/libCoreVMClient.dylib
0x0000000022195000 	/usr/lib/libcups.2.dylib
0x0000000022195000 	/System/Library/Frameworks/Kerberos.framework/Versions/A/Kerberos
0x0000000022195000 	/System/Library/Frameworks/GSS.framework/Versions/A/GSS
0x0000000022195000 	/usr/lib/libresolv.9.dylib
0x0000000022195000 	/usr/lib/libiconv.2.dylib
0x0000000022195000 	/System/Library/PrivateFrameworks/Heimdal.framework/Versions/A/Heimdal
0x0000000022195000 	/usr/lib/libheimdal-asn1.dylib
0x0000000022195000 	/System/Library/Frameworks/OpenDirectory.framework/Versions/A/OpenDirectory
0x0000000022195000 	/System/Library/PrivateFrameworks/CommonAuth.framework/Versions/A/CommonAuth
0x0000000022195000 	/System/Library/Frameworks/OpenDirectory.framework/Versions/A/Frameworks/CFOpenDirectory.framework/Versions/A/CFOpenDirectory
0x0000000022195000 	/System/Library/Frameworks/SecurityFoundation.framework/Versions/A/SecurityFoundation
0x0000000022195000 	/System/Library/PrivateFrameworks/APFS.framework/Versions/A/APFS
0x0000000022195000 	/usr/lib/libutil.dylib
0x0000000022195000 	/System/Library/PrivateFrameworks/AppleSauce.framework/Versions/A/AppleSauce
0x0000000022195000 	/System/Library/PrivateFrameworks/LinguisticData.framework/Versions/A/LinguisticData
0x0000000022195000 	/usr/lib/libmarisa.dylib
0x0000000022195000 	/System/Library/PrivateFrameworks/Lexicon.framework/Versions/A/Lexicon
0x0000000022195000 	/usr/lib/libChineseTokenizer.dylib
0x0000000022195000 	/usr/lib/libcmph.dylib
0x0000000022195000 	/System/Library/PrivateFrameworks/LanguageModeling.framework/Versions/A/LanguageModeling
0x0000000022195000 	/System/Library/PrivateFrameworks/CoreEmoji.framework/Versions/A/CoreEmoji
0x0000000022195000 	/System/Library/Frameworks/ServiceManagement.framework/Versions/A/ServiceManagement
0x0000000022195000 	/System/Library/PrivateFrameworks/BackgroundTaskManagement.framework/Versions/A/BackgroundTaskManagement
0x0000000022195000 	/usr/lib/libxslt.1.dylib
0x0000000022195000 	/System/Library/Frameworks/Carbon.framework/Versions/A/Frameworks/Ink.framework/Versions/A/Ink
0x0000000022195000 	/System/Library/PrivateFrameworks/TextureIO.framework/Versions/A/TextureIO
0x0000000022195000 	/usr/lib/libate.dylib
0x0000000022195000 	/System/Library/PrivateFrameworks/CrashReporterSupport.framework/Versions/A/CrashReporterSupport
0x0000000022195000 	/System/Library/PrivateFrameworks/Sharing.framework/Versions/A/Sharing
0x0000000022195000 	/System/Library/PrivateFrameworks/IconServices.framework/Versions/A/IconServices
0x0000000022195000 	/System/Library/PrivateFrameworks/ProtocolBuffer.framework/Versions/A/ProtocolBuffer
0x0000000022195000 	/System/Library/PrivateFrameworks/Apple80211.framework/Versions/A/Apple80211
0x0000000022195000 	/System/Library/Frameworks/CoreWLAN.framework/Versions/A/CoreWLAN
0x0000000022195000 	/System/Library/PrivateFrameworks/CoreUtils.framework/Versions/A/CoreUtils
0x0000000022195000 	/System/Library/Frameworks/IOBluetooth.framework/Versions/A/IOBluetooth
0x0000000022195000 	/System/Library/PrivateFrameworks/CoreWiFi.framework/Versions/A/CoreWiFi
0x0000000022195000 	/System/Library/Frameworks/CoreBluetooth.framework/Versions/A/CoreBluetooth
0x0000000022195000 	/System/Library/PrivateFrameworks/SignpostNotification.framework/Versions/A/SignpostNotification
0x0000000022195000 	/System/Library/PrivateFrameworks/DebugSymbols.framework/Versions/A/DebugSymbols
0x0000000022195000 	/System/Library/PrivateFrameworks/CoreSymbolication.framework/Versions/A/CoreSymbolication
0x0000000022195000 	/System/Library/PrivateFrameworks/Symbolication.framework/Versions/A/Symbolication
0x0000000022195000 	/System/Library/PrivateFrameworks/AppleFSCompression.framework/Versions/A/AppleFSCompression
0x0000000022195000 	/System/Library/PrivateFrameworks/SpeechRecognitionCore.framework/Versions/A/SpeechRecognitionCore
0x0000000022195000 	/System/Library/CoreServices/Encodings/libCyrillicConverter.dylib
0x0000000105800000 	/Library/Java/JavaVirtualMachines/jdk1.8.0_152.jdk/Contents/Home/jre/lib/server/libjvm.dylib
0x0000000022195000 	/usr/lib/libstdc++.6.0.9.dylib
0x0000000104f6c000 	/Library/Java/JavaVirtualMachines/jdk1.8.0_152.jdk/Contents/Home/jre/lib/libverify.dylib
0x0000000104f7a000 	/Library/Java/JavaVirtualMachines/jdk1.8.0_152.jdk/Contents/Home/jre/lib/libjava.dylib
0x00000001066fb000 	/Library/Java/JavaVirtualMachines/jdk1.8.0_152.jdk/Contents/Home/jre/lib/libzip.dylib

VM Arguments:
jvm_args: -Xverify:none 
java_command: Main
java_class_path (initial): .
Launcher Type: SUN_STANDARD

Environment Variables:
PATH=/Library/Frameworks/Python.framework/Versions/2.7/bin:/opt/local/bin:/opt/local/sbin:/usr/bin:/bin:/usr/sbin:/sbin:/usr/local/bin:/Library/Frameworks/Mono.framework/Versions/Current/Commands
SHELL=/bin/bash

Signal Handlers:
SIGSEGV: [libjvm.dylib+0x5821b5], sa_mask[0]=11111111011111110111111111111111, sa_flags=SA_ONSTACK|SA_RESTART|SA_SIGINFO
SIGBUS: [libjvm.dylib+0x5821b5], sa_mask[0]=11111111011111110111111111111111, sa_flags=SA_RESTART|SA_SIGINFO
SIGFPE: [libjvm.dylib+0x45af20], sa_mask[0]=11111111011111110111111111111111, sa_flags=SA_RESTART|SA_SIGINFO
SIGPIPE: [libjvm.dylib+0x45af20], sa_mask[0]=11111111011111110111111111111111, sa_flags=SA_RESTART|SA_SIGINFO
SIGXFSZ: [libjvm.dylib+0x45af20], sa_mask[0]=11111111011111110111111111111111, sa_flags=SA_RESTART|SA_SIGINFO
SIGILL: [libjvm.dylib+0x45af20], sa_mask[0]=11111111011111110111111111111111, sa_flags=SA_RESTART|SA_SIGINFO
SIGUSR1: SIG_DFL, sa_mask[0]=11011111011111100000000111000110, sa_flags=none
SIGUSR2: [libjvm.dylib+0x45aa3e], sa_mask[0]=00000000000000000000000000000000, sa_flags=SA_RESTART|SA_SIGINFO
SIGHUP: [libjvm.dylib+0x459015], sa_mask[0]=11111111011111110111111111111111, sa_flags=SA_RESTART|SA_SIGINFO
SIGINT: [libjvm.dylib+0x459015], sa_mask[0]=11111111011111110111111111111111, sa_flags=SA_RESTART|SA_SIGINFO
SIGTERM: [libjvm.dylib+0x459015], sa_mask[0]=11111111011111110111111111111111, sa_flags=SA_RESTART|SA_SIGINFO
SIGQUIT: [libjvm.dylib+0x459015], sa_mask[0]=11111111011111110111111111111111, sa_flags=SA_RESTART|SA_SIGINFO


---------------  S Y S T E M  ---------------

OS:Bsduname:Darwin 17.2.0 Darwin Kernel Version 17.2.0: Sun Oct  1 00:46:50 PDT 2017; root:xnu-4570.20.62~10/RELEASE_X86_64 x86_64
rlimit: STACK 8192k, CORE 0k, NPROC 709, NOFILE 10240, AS infinity
load average:1,98 1,95 1,91

CPU:total 4 (initial active 4) (2 cores per cpu, 2 threads per core) family 6 model 69 stepping 1, cmov, cx8, fxsr, mmx, sse, sse2, sse3, ssse3, sse4.1, sse4.2, popcnt, avx, avx2, aes, clmul, erms, lzcnt, ht, tsc, tscinvbit, bmi1, bmi2

Memory: 4k page, physical 4194304k(57716k free)

/proc/meminfo:


vm_info: Java HotSpot(TM) 64-Bit Server VM (25.152-b05) for bsd-amd64 JRE (1.8.0_152-ea-b05), built on Jun 20 2017 19:40:18 by "java_re" with gcc 4.2.1 (Based on Apple Inc. build 5658) (LLVM build 2336.11.00)

time: Wed Oct 18 02:48:00 2017
elapsed time: 0 seconds (0d 0h 0m 0s)

