Terminals unused in grammar

   UNITT
   BYTET
   LONGT
   SHORTT
   UBYTET
   USHORT
   UINTT
   ULONGT
   WHEN
   IS
   ENUM
   STRICT_EQUALITY
   NOT_STRICT_EQUALITY
   NOT_IN
   NOT_IS
   INCREMENT
   DECREMENT
   MULTIPLY_ASSIGNMENT
   DIVIDE_ASSIGNMENT
   PERCENT_ASSIGNMENT
   ADDITION_ASSIGNMENT
   SUBTRACTION_ASSIGNMENT
   ARROW
   FATARROW
   TWO_COLONS
   '['
   ']'
   '?'
   TWO_DECIMAL_POINT
   '#'
   '@'


Состояние 22 конфликты: 1 сдвига/вывода
Состояние 27 конфликты: 1 сдвига/вывода
Состояние 40 конфликты: 1 сдвига/вывода
Состояние 81 конфликты: 1 сдвига/вывода
Состояние 110 конфликты: 1 сдвига/вывода
Состояние 125 конфликты: 1 сдвига/вывода
Состояние 141 конфликты: 1 сдвига/вывода


Грамматика

    0 $accept: root $end

    1 end_expr: ENDL
    2         | ';' opt_endl

    3 opt_endl: /* пусто */
    4         | ENDL

    5 root: stmt_list

    6 stmt_block: '{' stmt_list '}' opt_endl

    7 stmt_list: /* пусто */
    8          | stmt_list stmt opt_endl

    9 stmt: stmt_block
   10     | stmt_if
   11     | stmt_while
   12     | stmt_for
   13     | stmt_do_while
   14     | BREAK end_expr
   15     | RETURN end_expr
   16     | RETURN expr end_expr
   17     | expr end_expr
   18     | var '=' expr end_expr
   19     | func_decl_named
   20     | end_expr

   21 stmt_if: IF expr opt_endl stmt_block elseif_list opt_endl
   22        | IF expr opt_endl stmt_block elseif_list ELSE stmt_block opt_endl

   23 elseif_list: /* пусто */
   24            | elseif_list ELSEIF expr stmt_block

   25 stmt_while: WHILE expr opt_endl stmt_block

   26 stmt_for: FOR '(' alone_id IN expr ')' opt_endl stmt_block

   27 stmt_do_while: DO stmt_block WHILE expr

   28 alone_id: ID

   29 id_chain: alone_id
   30         | id_chain '.' alone_id

   31 varlet: VAR
   32       | VAL

   33 var: id_chain
   34    | varlet id_chain
   35    | varlet id_chain ':' varubleType

   36 expr: var
   37     | INT
   38     | DOUBLE
   39     | STRING
   40     | CHAR
   41     | TRUE
   42     | FALSE
   43     | NOT expr
   44     | expr NOT
   45     | expr AND expr
   46     | expr OR expr
   47     | expr '+' expr
   48     | expr '-' expr
   49     | expr '*' expr
   50     | expr '/' expr
   51     | expr '%' expr
   52     | expr '>' expr
   53     | expr '<' expr
   54     | expr GE expr
   55     | expr LE expr
   56     | expr EQ expr
   57     | expr NE expr
   58     | expr RANGE expr
   59     | '(' expr ')'
   60     | func_call

   61 func_call: var '(' arg_list ')'

   62 arg_list: /* пусто */
   63         | args

   64 args: expr
   65     | id_chain ':' expr
   66     | args ',' alone_id ':' expr

   67 varubleType: INTT
   68            | DOUBLET
   69            | BOOLEANT
   70            | CHART

   71 func_decl_named: FUN id_chain func_body

   72 func_body: '(' arg_list_decl ')' ':' varubleType opt_endl stmt_block
   73          | '(' arg_list_decl ')' opt_endl stmt_block

   74 arg_list_decl: /* пусто */
   75              | args_decl

   76 args_decl: alone_id ':' varubleType
   77          | args_decl ',' alone_id ':' varubleType


Терминальные символы с правилами, в которых они появляются

$end (0) 0
'#' (35)
'%' (37) 51
'(' (40) 26 59 61 72 73
')' (41) 26 59 61 72 73
'*' (42) 49
'+' (43) 47
',' (44) 66 77
'-' (45) 48
'.' (46) 30
'/' (47) 50
':' (58) 35 65 66 72 76 77
';' (59) 2
'<' (60) 53
'=' (61) 18
'>' (62) 52
'?' (63)
'@' (64)
'[' (91)
']' (93)
'{' (123) 6
'}' (125) 6
error (256)
INT (258) 37
DOUBLE (259) 38
STRING (260) 39
CHAR (261) 40
ID (262) 28
INTT (263) 67
CHART (264) 70
UNITT (265)
BOOLEANT (266) 69
BYTET (267)
LONGT (268)
SHORTT (269)
UBYTET (270)
USHORT (271)
UINTT (272)
ULONGT (273)
DOUBLET (274) 68
TRUE (275) 41
FALSE (276) 42
RETURN (277) 15 16
WHILE (278) 25 27
BREAK (279) 14
WHEN (280)
ELSE (281) 22
ELSEIF (282) 24
VAL (283) 32
VAR (284) 31
FUN (285) 71
FOR (286) 26
IS (287)
IN (288) 26
IF (289) 21 22
DO (290) 27
ENUM (291)
STRICT_EQUALITY (292)
NOT_STRICT_EQUALITY (293)
NOT_IN (294)
NOT_IS (295)
INCREMENT (296)
DECREMENT (297)
AND (298) 45
OR (299) 46
MULTIPLY_ASSIGNMENT (300)
DIVIDE_ASSIGNMENT (301)
PERCENT_ASSIGNMENT (302)
ADDITION_ASSIGNMENT (303)
SUBTRACTION_ASSIGNMENT (304)
ARROW (305)
FATARROW (306)
TWO_COLONS (307)
TWO_DECIMAL_POINT (308)
EQ (309) 56
NE (310) 57
LE (311) 55
GE (312) 54
NOT (313) 43 44
ENDL (314) 1 4
RANGE (315) 58


Нетерминальные символы с правилами, в которых они появляются

$accept (82)
    налево: 0
end_expr (83)
    налево: 1 2, направо: 14 15 16 17 18 20
opt_endl (84)
    налево: 3 4, направо: 2 6 8 21 22 25 26 72 73
root (85)
    налево: 5, направо: 0
stmt_block (86)
    налево: 6, направо: 9 21 22 24 25 26 27 72 73
stmt_list (87)
    налево: 7 8, направо: 5 6 8
stmt (88)
    налево: 9 10 11 12 13 14 15 16 17 18 19 20, направо: 8
stmt_if (89)
    налево: 21 22, направо: 10
elseif_list (90)
    налево: 23 24, направо: 21 22 24
stmt_while (91)
    налево: 25, направо: 11
stmt_for (92)
    налево: 26, направо: 12
stmt_do_while (93)
    налево: 27, направо: 13
alone_id (94)
    налево: 28, направо: 26 29 30 66 76 77
id_chain (95)
    налево: 29 30, направо: 30 33 34 35 65 71
varlet (96)
    налево: 31 32, направо: 34 35
var (97)
    налево: 33 34 35, направо: 18 36 61
expr (98)
    налево: 36 37 38 39 40 41 42 43 44 45 46 47 48 49 50 51 52 53 54
    55 56 57 58 59 60, направо: 16 17 18 21 22 24 25 26 27 43 44 45
    46 47 48 49 50 51 52 53 54 55 56 57 58 59 64 65 66
func_call (99)
    налево: 61, направо: 60
arg_list (100)
    налево: 62 63, направо: 61
args (101)
    налево: 64 65 66, направо: 63 66
varubleType (102)
    налево: 67 68 69 70, направо: 35 72 76 77
func_decl_named (103)
    налево: 71, направо: 19
func_body (104)
    налево: 72 73, направо: 71
arg_list_decl (105)
    налево: 74 75, направо: 72 73
args_decl (106)
    налево: 76 77, направо: 75 77


состояние 0

    0 $accept: . root $end

    $default  вывод с использованием правила 7 (stmt_list)

    root       переход в состояние 1
    stmt_list  переход в состояние 2


состояние 1

    0 $accept: root . $end

    $end  сдвиг, и переход в состояние 3


состояние 2

    5 root: stmt_list .
    8 stmt_list: stmt_list . stmt opt_endl

    INT     сдвиг, и переход в состояние 4
    DOUBLE  сдвиг, и переход в состояние 5
    STRING  сдвиг, и переход в состояние 6
    CHAR    сдвиг, и переход в состояние 7
    ID      сдвиг, и переход в состояние 8
    TRUE    сдвиг, и переход в состояние 9
    FALSE   сдвиг, и переход в состояние 10
    RETURN  сдвиг, и переход в состояние 11
    WHILE   сдвиг, и переход в состояние 12
    BREAK   сдвиг, и переход в состояние 13
    VAL     сдвиг, и переход в состояние 14
    VAR     сдвиг, и переход в состояние 15
    FUN     сдвиг, и переход в состояние 16
    FOR     сдвиг, и переход в состояние 17
    IF      сдвиг, и переход в состояние 18
    DO      сдвиг, и переход в состояние 19
    '{'     сдвиг, и переход в состояние 20
    '('     сдвиг, и переход в состояние 21
    ';'     сдвиг, и переход в состояние 22
    NOT     сдвиг, и переход в состояние 23
    ENDL    сдвиг, и переход в состояние 24

    $default  вывод с использованием правила 5 (root)

    end_expr         переход в состояние 25
    stmt_block       переход в состояние 26
    stmt             переход в состояние 27
    stmt_if          переход в состояние 28
    stmt_while       переход в состояние 29
    stmt_for         переход в состояние 30
    stmt_do_while    переход в состояние 31
    alone_id         переход в состояние 32
    id_chain         переход в состояние 33
    varlet           переход в состояние 34
    var              переход в состояние 35
    expr             переход в состояние 36
    func_call        переход в состояние 37
    func_decl_named  переход в состояние 38


состояние 3

    0 $accept: root $end .

    $default  accept


состояние 4

   37 expr: INT .

    $default  вывод с использованием правила 37 (expr)


состояние 5

   38 expr: DOUBLE .

    $default  вывод с использованием правила 38 (expr)


состояние 6

   39 expr: STRING .

    $default  вывод с использованием правила 39 (expr)


состояние 7

   40 expr: CHAR .

    $default  вывод с использованием правила 40 (expr)


состояние 8

   28 alone_id: ID .

    $default  вывод с использованием правила 28 (alone_id)


состояние 9

   41 expr: TRUE .

    $default  вывод с использованием правила 41 (expr)


состояние 10

   42 expr: FALSE .

    $default  вывод с использованием правила 42 (expr)


состояние 11

   15 stmt: RETURN . end_expr
   16     | RETURN . expr end_expr

    INT     сдвиг, и переход в состояние 4
    DOUBLE  сдвиг, и переход в состояние 5
    STRING  сдвиг, и переход в состояние 6
    CHAR    сдвиг, и переход в состояние 7
    ID      сдвиг, и переход в состояние 8
    TRUE    сдвиг, и переход в состояние 9
    FALSE   сдвиг, и переход в состояние 10
    VAL     сдвиг, и переход в состояние 14
    VAR     сдвиг, и переход в состояние 15
    '('     сдвиг, и переход в состояние 21
    ';'     сдвиг, и переход в состояние 22
    NOT     сдвиг, и переход в состояние 23
    ENDL    сдвиг, и переход в состояние 24

    end_expr   переход в состояние 39
    alone_id   переход в состояние 32
    id_chain   переход в состояние 33
    varlet     переход в состояние 34
    var        переход в состояние 40
    expr       переход в состояние 41
    func_call  переход в состояние 37


состояние 12

   25 stmt_while: WHILE . expr opt_endl stmt_block

    INT     сдвиг, и переход в состояние 4
    DOUBLE  сдвиг, и переход в состояние 5
    STRING  сдвиг, и переход в состояние 6
    CHAR    сдвиг, и переход в состояние 7
    ID      сдвиг, и переход в состояние 8
    TRUE    сдвиг, и переход в состояние 9
    FALSE   сдвиг, и переход в состояние 10
    VAL     сдвиг, и переход в состояние 14
    VAR     сдвиг, и переход в состояние 15
    '('     сдвиг, и переход в состояние 21
    NOT     сдвиг, и переход в состояние 23

    alone_id   переход в состояние 32
    id_chain   переход в состояние 33
    varlet     переход в состояние 34
    var        переход в состояние 40
    expr       переход в состояние 42
    func_call  переход в состояние 37


состояние 13

   14 stmt: BREAK . end_expr

    ';'   сдвиг, и переход в состояние 22
    ENDL  сдвиг, и переход в состояние 24

    end_expr  переход в состояние 43


состояние 14

   32 varlet: VAL .

    $default  вывод с использованием правила 32 (varlet)


состояние 15

   31 varlet: VAR .

    $default  вывод с использованием правила 31 (varlet)


состояние 16

   71 func_decl_named: FUN . id_chain func_body

    ID  сдвиг, и переход в состояние 8

    alone_id  переход в состояние 32
    id_chain  переход в состояние 44


состояние 17

   26 stmt_for: FOR . '(' alone_id IN expr ')' opt_endl stmt_block

    '('  сдвиг, и переход в состояние 45


состояние 18

   21 stmt_if: IF . expr opt_endl stmt_block elseif_list opt_endl
   22        | IF . expr opt_endl stmt_block elseif_list ELSE stmt_block opt_endl

    INT     сдвиг, и переход в состояние 4
    DOUBLE  сдвиг, и переход в состояние 5
    STRING  сдвиг, и переход в состояние 6
    CHAR    сдвиг, и переход в состояние 7
    ID      сдвиг, и переход в состояние 8
    TRUE    сдвиг, и переход в состояние 9
    FALSE   сдвиг, и переход в состояние 10
    VAL     сдвиг, и переход в состояние 14
    VAR     сдвиг, и переход в состояние 15
    '('     сдвиг, и переход в состояние 21
    NOT     сдвиг, и переход в состояние 23

    alone_id   переход в состояние 32
    id_chain   переход в состояние 33
    varlet     переход в состояние 34
    var        переход в состояние 40
    expr       переход в состояние 46
    func_call  переход в состояние 37


состояние 19

   27 stmt_do_while: DO . stmt_block WHILE expr

    '{'  сдвиг, и переход в состояние 20

    stmt_block  переход в состояние 47


состояние 20

    6 stmt_block: '{' . stmt_list '}' opt_endl

    $default  вывод с использованием правила 7 (stmt_list)

    stmt_list  переход в состояние 48


состояние 21

   59 expr: '(' . expr ')'

    INT     сдвиг, и переход в состояние 4
    DOUBLE  сдвиг, и переход в состояние 5
    STRING  сдвиг, и переход в состояние 6
    CHAR    сдвиг, и переход в состояние 7
    ID      сдвиг, и переход в состояние 8
    TRUE    сдвиг, и переход в состояние 9
    FALSE   сдвиг, и переход в состояние 10
    VAL     сдвиг, и переход в состояние 14
    VAR     сдвиг, и переход в состояние 15
    '('     сдвиг, и переход в состояние 21
    NOT     сдвиг, и переход в состояние 23

    alone_id   переход в состояние 32
    id_chain   переход в состояние 33
    varlet     переход в состояние 34
    var        переход в состояние 40
    expr       переход в состояние 49
    func_call  переход в состояние 37


состояние 22

    2 end_expr: ';' . opt_endl

    ENDL  сдвиг, и переход в состояние 50

    ENDL      [вывод с использованием правила 3 (opt_endl)]
    $default  вывод с использованием правила 3 (opt_endl)

    opt_endl  переход в состояние 51


состояние 23

   43 expr: NOT . expr

    INT     сдвиг, и переход в состояние 4
    DOUBLE  сдвиг, и переход в состояние 5
    STRING  сдвиг, и переход в состояние 6
    CHAR    сдвиг, и переход в состояние 7
    ID      сдвиг, и переход в состояние 8
    TRUE    сдвиг, и переход в состояние 9
    FALSE   сдвиг, и переход в состояние 10
    VAL     сдвиг, и переход в состояние 14
    VAR     сдвиг, и переход в состояние 15
    '('     сдвиг, и переход в состояние 21
    NOT     сдвиг, и переход в состояние 23

    alone_id   переход в состояние 32
    id_chain   переход в состояние 33
    varlet     переход в состояние 34
    var        переход в состояние 40
    expr       переход в состояние 52
    func_call  переход в состояние 37


состояние 24

    1 end_expr: ENDL .

    $default  вывод с использованием правила 1 (end_expr)


состояние 25

   20 stmt: end_expr .

    $default  вывод с использованием правила 20 (stmt)


состояние 26

    9 stmt: stmt_block .

    $default  вывод с использованием правила 9 (stmt)


состояние 27

    8 stmt_list: stmt_list stmt . opt_endl

    ENDL  сдвиг, и переход в состояние 50

    ENDL      [вывод с использованием правила 3 (opt_endl)]
    $default  вывод с использованием правила 3 (opt_endl)

    opt_endl  переход в состояние 53


состояние 28

   10 stmt: stmt_if .

    $default  вывод с использованием правила 10 (stmt)


состояние 29

   11 stmt: stmt_while .

    $default  вывод с использованием правила 11 (stmt)


состояние 30

   12 stmt: stmt_for .

    $default  вывод с использованием правила 12 (stmt)


состояние 31

   13 stmt: stmt_do_while .

    $default  вывод с использованием правила 13 (stmt)


состояние 32

   29 id_chain: alone_id .

    $default  вывод с использованием правила 29 (id_chain)


состояние 33

   30 id_chain: id_chain . '.' alone_id
   33 var: id_chain .

    '.'  сдвиг, и переход в состояние 54

    $default  вывод с использованием правила 33 (var)


состояние 34

   34 var: varlet . id_chain
   35    | varlet . id_chain ':' varubleType

    ID  сдвиг, и переход в состояние 8

    alone_id  переход в состояние 32
    id_chain  переход в состояние 55


состояние 35

   18 stmt: var . '=' expr end_expr
   36 expr: var .
   61 func_call: var . '(' arg_list ')'

    '('  сдвиг, и переход в состояние 56
    '='  сдвиг, и переход в состояние 57

    $default  вывод с использованием правила 36 (expr)


состояние 36

   17 stmt: expr . end_expr
   44 expr: expr . NOT
   45     | expr . AND expr
   46     | expr . OR expr
   47     | expr . '+' expr
   48     | expr . '-' expr
   49     | expr . '*' expr
   50     | expr . '/' expr
   51     | expr . '%' expr
   52     | expr . '>' expr
   53     | expr . '<' expr
   54     | expr . GE expr
   55     | expr . LE expr
   56     | expr . EQ expr
   57     | expr . NE expr
   58     | expr . RANGE expr

    AND    сдвиг, и переход в состояние 58
    OR     сдвиг, и переход в состояние 59
    '<'    сдвиг, и переход в состояние 60
    '>'    сдвиг, и переход в состояние 61
    ';'    сдвиг, и переход в состояние 22
    EQ     сдвиг, и переход в состояние 62
    NE     сдвиг, и переход в состояние 63
    LE     сдвиг, и переход в состояние 64
    GE     сдвиг, и переход в состояние 65
    NOT    сдвиг, и переход в состояние 66
    ENDL   сдвиг, и переход в состояние 24
    RANGE  сдвиг, и переход в состояние 67
    '+'    сдвиг, и переход в состояние 68
    '-'    сдвиг, и переход в состояние 69
    '*'    сдвиг, и переход в состояние 70
    '/'    сдвиг, и переход в состояние 71
    '%'    сдвиг, и переход в состояние 72

    end_expr  переход в состояние 73


состояние 37

   60 expr: func_call .

    $default  вывод с использованием правила 60 (expr)


состояние 38

   19 stmt: func_decl_named .

    $default  вывод с использованием правила 19 (stmt)


состояние 39

   15 stmt: RETURN end_expr .

    $default  вывод с использованием правила 15 (stmt)


состояние 40

   36 expr: var .
   61 func_call: var . '(' arg_list ')'

    '('  сдвиг, и переход в состояние 56

    '('       [вывод с использованием правила 36 (expr)]
    $default  вывод с использованием правила 36 (expr)


состояние 41

   16 stmt: RETURN expr . end_expr
   44 expr: expr . NOT
   45     | expr . AND expr
   46     | expr . OR expr
   47     | expr . '+' expr
   48     | expr . '-' expr
   49     | expr . '*' expr
   50     | expr . '/' expr
   51     | expr . '%' expr
   52     | expr . '>' expr
   53     | expr . '<' expr
   54     | expr . GE expr
   55     | expr . LE expr
   56     | expr . EQ expr
   57     | expr . NE expr
   58     | expr . RANGE expr

    AND    сдвиг, и переход в состояние 58
    OR     сдвиг, и переход в состояние 59
    '<'    сдвиг, и переход в состояние 60
    '>'    сдвиг, и переход в состояние 61
    ';'    сдвиг, и переход в состояние 22
    EQ     сдвиг, и переход в состояние 62
    NE     сдвиг, и переход в состояние 63
    LE     сдвиг, и переход в состояние 64
    GE     сдвиг, и переход в состояние 65
    NOT    сдвиг, и переход в состояние 66
    ENDL   сдвиг, и переход в состояние 24
    RANGE  сдвиг, и переход в состояние 67
    '+'    сдвиг, и переход в состояние 68
    '-'    сдвиг, и переход в состояние 69
    '*'    сдвиг, и переход в состояние 70
    '/'    сдвиг, и переход в состояние 71
    '%'    сдвиг, и переход в состояние 72

    end_expr  переход в состояние 74


состояние 42

   25 stmt_while: WHILE expr . opt_endl stmt_block
   44 expr: expr . NOT
   45     | expr . AND expr
   46     | expr . OR expr
   47     | expr . '+' expr
   48     | expr . '-' expr
   49     | expr . '*' expr
   50     | expr . '/' expr
   51     | expr . '%' expr
   52     | expr . '>' expr
   53     | expr . '<' expr
   54     | expr . GE expr
   55     | expr . LE expr
   56     | expr . EQ expr
   57     | expr . NE expr
   58     | expr . RANGE expr

    AND    сдвиг, и переход в состояние 58
    OR     сдвиг, и переход в состояние 59
    '<'    сдвиг, и переход в состояние 60
    '>'    сдвиг, и переход в состояние 61
    EQ     сдвиг, и переход в состояние 62
    NE     сдвиг, и переход в состояние 63
    LE     сдвиг, и переход в состояние 64
    GE     сдвиг, и переход в состояние 65
    NOT    сдвиг, и переход в состояние 66
    ENDL   сдвиг, и переход в состояние 50
    RANGE  сдвиг, и переход в состояние 67
    '+'    сдвиг, и переход в состояние 68
    '-'    сдвиг, и переход в состояние 69
    '*'    сдвиг, и переход в состояние 70
    '/'    сдвиг, и переход в состояние 71
    '%'    сдвиг, и переход в состояние 72

    $default  вывод с использованием правила 3 (opt_endl)

    opt_endl  переход в состояние 75


состояние 43

   14 stmt: BREAK end_expr .

    $default  вывод с использованием правила 14 (stmt)


состояние 44

   30 id_chain: id_chain . '.' alone_id
   71 func_decl_named: FUN id_chain . func_body

    '('  сдвиг, и переход в состояние 76
    '.'  сдвиг, и переход в состояние 54

    func_body  переход в состояние 77


состояние 45

   26 stmt_for: FOR '(' . alone_id IN expr ')' opt_endl stmt_block

    ID  сдвиг, и переход в состояние 8

    alone_id  переход в состояние 78


состояние 46

   21 stmt_if: IF expr . opt_endl stmt_block elseif_list opt_endl
   22        | IF expr . opt_endl stmt_block elseif_list ELSE stmt_block opt_endl
   44 expr: expr . NOT
   45     | expr . AND expr
   46     | expr . OR expr
   47     | expr . '+' expr
   48     | expr . '-' expr
   49     | expr . '*' expr
   50     | expr . '/' expr
   51     | expr . '%' expr
   52     | expr . '>' expr
   53     | expr . '<' expr
   54     | expr . GE expr
   55     | expr . LE expr
   56     | expr . EQ expr
   57     | expr . NE expr
   58     | expr . RANGE expr

    AND    сдвиг, и переход в состояние 58
    OR     сдвиг, и переход в состояние 59
    '<'    сдвиг, и переход в состояние 60
    '>'    сдвиг, и переход в состояние 61
    EQ     сдвиг, и переход в состояние 62
    NE     сдвиг, и переход в состояние 63
    LE     сдвиг, и переход в состояние 64
    GE     сдвиг, и переход в состояние 65
    NOT    сдвиг, и переход в состояние 66
    ENDL   сдвиг, и переход в состояние 50
    RANGE  сдвиг, и переход в состояние 67
    '+'    сдвиг, и переход в состояние 68
    '-'    сдвиг, и переход в состояние 69
    '*'    сдвиг, и переход в состояние 70
    '/'    сдвиг, и переход в состояние 71
    '%'    сдвиг, и переход в состояние 72

    $default  вывод с использованием правила 3 (opt_endl)

    opt_endl  переход в состояние 79


состояние 47

   27 stmt_do_while: DO stmt_block . WHILE expr

    WHILE  сдвиг, и переход в состояние 80


состояние 48

    6 stmt_block: '{' stmt_list . '}' opt_endl
    8 stmt_list: stmt_list . stmt opt_endl

    INT     сдвиг, и переход в состояние 4
    DOUBLE  сдвиг, и переход в состояние 5
    STRING  сдвиг, и переход в состояние 6
    CHAR    сдвиг, и переход в состояние 7
    ID      сдвиг, и переход в состояние 8
    TRUE    сдвиг, и переход в состояние 9
    FALSE   сдвиг, и переход в состояние 10
    RETURN  сдвиг, и переход в состояние 11
    WHILE   сдвиг, и переход в состояние 12
    BREAK   сдвиг, и переход в состояние 13
    VAL     сдвиг, и переход в состояние 14
    VAR     сдвиг, и переход в состояние 15
    FUN     сдвиг, и переход в состояние 16
    FOR     сдвиг, и переход в состояние 17
    IF      сдвиг, и переход в состояние 18
    DO      сдвиг, и переход в состояние 19
    '{'     сдвиг, и переход в состояние 20
    '}'     сдвиг, и переход в состояние 81
    '('     сдвиг, и переход в состояние 21
    ';'     сдвиг, и переход в состояние 22
    NOT     сдвиг, и переход в состояние 23
    ENDL    сдвиг, и переход в состояние 24

    end_expr         переход в состояние 25
    stmt_block       переход в состояние 26
    stmt             переход в состояние 27
    stmt_if          переход в состояние 28
    stmt_while       переход в состояние 29
    stmt_for         переход в состояние 30
    stmt_do_while    переход в состояние 31
    alone_id         переход в состояние 32
    id_chain         переход в состояние 33
    varlet           переход в состояние 34
    var              переход в состояние 35
    expr             переход в состояние 36
    func_call        переход в состояние 37
    func_decl_named  переход в состояние 38


состояние 49

   44 expr: expr . NOT
   45     | expr . AND expr
   46     | expr . OR expr
   47     | expr . '+' expr
   48     | expr . '-' expr
   49     | expr . '*' expr
   50     | expr . '/' expr
   51     | expr . '%' expr
   52     | expr . '>' expr
   53     | expr . '<' expr
   54     | expr . GE expr
   55     | expr . LE expr
   56     | expr . EQ expr
   57     | expr . NE expr
   58     | expr . RANGE expr
   59     | '(' expr . ')'

    AND    сдвиг, и переход в состояние 58
    OR     сдвиг, и переход в состояние 59
    ')'    сдвиг, и переход в состояние 82
    '<'    сдвиг, и переход в состояние 60
    '>'    сдвиг, и переход в состояние 61
    EQ     сдвиг, и переход в состояние 62
    NE     сдвиг, и переход в состояние 63
    LE     сдвиг, и переход в состояние 64
    GE     сдвиг, и переход в состояние 65
    NOT    сдвиг, и переход в состояние 66
    RANGE  сдвиг, и переход в состояние 67
    '+'    сдвиг, и переход в состояние 68
    '-'    сдвиг, и переход в состояние 69
    '*'    сдвиг, и переход в состояние 70
    '/'    сдвиг, и переход в состояние 71
    '%'    сдвиг, и переход в состояние 72


состояние 50

    4 opt_endl: ENDL .

    $default  вывод с использованием правила 4 (opt_endl)


состояние 51

    2 end_expr: ';' opt_endl .

    $default  вывод с использованием правила 2 (end_expr)


состояние 52

   43 expr: NOT expr .
   44     | expr . NOT
   45     | expr . AND expr
   46     | expr . OR expr
   47     | expr . '+' expr
   48     | expr . '-' expr
   49     | expr . '*' expr
   50     | expr . '/' expr
   51     | expr . '%' expr
   52     | expr . '>' expr
   53     | expr . '<' expr
   54     | expr . GE expr
   55     | expr . LE expr
   56     | expr . EQ expr
   57     | expr . NE expr
   58     | expr . RANGE expr

    $default  вывод с использованием правила 43 (expr)


состояние 53

    8 stmt_list: stmt_list stmt opt_endl .

    $default  вывод с использованием правила 8 (stmt_list)


состояние 54

   30 id_chain: id_chain '.' . alone_id

    ID  сдвиг, и переход в состояние 8

    alone_id  переход в состояние 83


состояние 55

   30 id_chain: id_chain . '.' alone_id
   34 var: varlet id_chain .
   35    | varlet id_chain . ':' varubleType

    '.'  сдвиг, и переход в состояние 54
    ':'  сдвиг, и переход в состояние 84

    $default  вывод с использованием правила 34 (var)


состояние 56

   61 func_call: var '(' . arg_list ')'

    INT     сдвиг, и переход в состояние 4
    DOUBLE  сдвиг, и переход в состояние 5
    STRING  сдвиг, и переход в состояние 6
    CHAR    сдвиг, и переход в состояние 7
    ID      сдвиг, и переход в состояние 8
    TRUE    сдвиг, и переход в состояние 9
    FALSE   сдвиг, и переход в состояние 10
    VAL     сдвиг, и переход в состояние 14
    VAR     сдвиг, и переход в состояние 15
    '('     сдвиг, и переход в состояние 21
    NOT     сдвиг, и переход в состояние 23

    $default  вывод с использованием правила 62 (arg_list)

    alone_id   переход в состояние 32
    id_chain   переход в состояние 85
    varlet     переход в состояние 34
    var        переход в состояние 40
    expr       переход в состояние 86
    func_call  переход в состояние 37
    arg_list   переход в состояние 87
    args       переход в состояние 88


состояние 57

   18 stmt: var '=' . expr end_expr

    INT     сдвиг, и переход в состояние 4
    DOUBLE  сдвиг, и переход в состояние 5
    STRING  сдвиг, и переход в состояние 6
    CHAR    сдвиг, и переход в состояние 7
    ID      сдвиг, и переход в состояние 8
    TRUE    сдвиг, и переход в состояние 9
    FALSE   сдвиг, и переход в состояние 10
    VAL     сдвиг, и переход в состояние 14
    VAR     сдвиг, и переход в состояние 15
    '('     сдвиг, и переход в состояние 21
    NOT     сдвиг, и переход в состояние 23

    alone_id   переход в состояние 32
    id_chain   переход в состояние 33
    varlet     переход в состояние 34
    var        переход в состояние 40
    expr       переход в состояние 89
    func_call  переход в состояние 37


состояние 58

   45 expr: expr AND . expr

    INT     сдвиг, и переход в состояние 4
    DOUBLE  сдвиг, и переход в состояние 5
    STRING  сдвиг, и переход в состояние 6
    CHAR    сдвиг, и переход в состояние 7
    ID      сдвиг, и переход в состояние 8
    TRUE    сдвиг, и переход в состояние 9
    FALSE   сдвиг, и переход в состояние 10
    VAL     сдвиг, и переход в состояние 14
    VAR     сдвиг, и переход в состояние 15
    '('     сдвиг, и переход в состояние 21
    NOT     сдвиг, и переход в состояние 23

    alone_id   переход в состояние 32
    id_chain   переход в состояние 33
    varlet     переход в состояние 34
    var        переход в состояние 40
    expr       переход в состояние 90
    func_call  переход в состояние 37


состояние 59

   46 expr: expr OR . expr

    INT     сдвиг, и переход в состояние 4
    DOUBLE  сдвиг, и переход в состояние 5
    STRING  сдвиг, и переход в состояние 6
    CHAR    сдвиг, и переход в состояние 7
    ID      сдвиг, и переход в состояние 8
    TRUE    сдвиг, и переход в состояние 9
    FALSE   сдвиг, и переход в состояние 10
    VAL     сдвиг, и переход в состояние 14
    VAR     сдвиг, и переход в состояние 15
    '('     сдвиг, и переход в состояние 21
    NOT     сдвиг, и переход в состояние 23

    alone_id   переход в состояние 32
    id_chain   переход в состояние 33
    varlet     переход в состояние 34
    var        переход в состояние 40
    expr       переход в состояние 91
    func_call  переход в состояние 37


состояние 60

   53 expr: expr '<' . expr

    INT     сдвиг, и переход в состояние 4
    DOUBLE  сдвиг, и переход в состояние 5
    STRING  сдвиг, и переход в состояние 6
    CHAR    сдвиг, и переход в состояние 7
    ID      сдвиг, и переход в состояние 8
    TRUE    сдвиг, и переход в состояние 9
    FALSE   сдвиг, и переход в состояние 10
    VAL     сдвиг, и переход в состояние 14
    VAR     сдвиг, и переход в состояние 15
    '('     сдвиг, и переход в состояние 21
    NOT     сдвиг, и переход в состояние 23

    alone_id   переход в состояние 32
    id_chain   переход в состояние 33
    varlet     переход в состояние 34
    var        переход в состояние 40
    expr       переход в состояние 92
    func_call  переход в состояние 37


состояние 61

   52 expr: expr '>' . expr

    INT     сдвиг, и переход в состояние 4
    DOUBLE  сдвиг, и переход в состояние 5
    STRING  сдвиг, и переход в состояние 6
    CHAR    сдвиг, и переход в состояние 7
    ID      сдвиг, и переход в состояние 8
    TRUE    сдвиг, и переход в состояние 9
    FALSE   сдвиг, и переход в состояние 10
    VAL     сдвиг, и переход в состояние 14
    VAR     сдвиг, и переход в состояние 15
    '('     сдвиг, и переход в состояние 21
    NOT     сдвиг, и переход в состояние 23

    alone_id   переход в состояние 32
    id_chain   переход в состояние 33
    varlet     переход в состояние 34
    var        переход в состояние 40
    expr       переход в состояние 93
    func_call  переход в состояние 37


состояние 62

   56 expr: expr EQ . expr

    INT     сдвиг, и переход в состояние 4
    DOUBLE  сдвиг, и переход в состояние 5
    STRING  сдвиг, и переход в состояние 6
    CHAR    сдвиг, и переход в состояние 7
    ID      сдвиг, и переход в состояние 8
    TRUE    сдвиг, и переход в состояние 9
    FALSE   сдвиг, и переход в состояние 10
    VAL     сдвиг, и переход в состояние 14
    VAR     сдвиг, и переход в состояние 15
    '('     сдвиг, и переход в состояние 21
    NOT     сдвиг, и переход в состояние 23

    alone_id   переход в состояние 32
    id_chain   переход в состояние 33
    varlet     переход в состояние 34
    var        переход в состояние 40
    expr       переход в состояние 94
    func_call  переход в состояние 37


состояние 63

   57 expr: expr NE . expr

    INT     сдвиг, и переход в состояние 4
    DOUBLE  сдвиг, и переход в состояние 5
    STRING  сдвиг, и переход в состояние 6
    CHAR    сдвиг, и переход в состояние 7
    ID      сдвиг, и переход в состояние 8
    TRUE    сдвиг, и переход в состояние 9
    FALSE   сдвиг, и переход в состояние 10
    VAL     сдвиг, и переход в состояние 14
    VAR     сдвиг, и переход в состояние 15
    '('     сдвиг, и переход в состояние 21
    NOT     сдвиг, и переход в состояние 23

    alone_id   переход в состояние 32
    id_chain   переход в состояние 33
    varlet     переход в состояние 34
    var        переход в состояние 40
    expr       переход в состояние 95
    func_call  переход в состояние 37


состояние 64

   55 expr: expr LE . expr

    INT     сдвиг, и переход в состояние 4
    DOUBLE  сдвиг, и переход в состояние 5
    STRING  сдвиг, и переход в состояние 6
    CHAR    сдвиг, и переход в состояние 7
    ID      сдвиг, и переход в состояние 8
    TRUE    сдвиг, и переход в состояние 9
    FALSE   сдвиг, и переход в состояние 10
    VAL     сдвиг, и переход в состояние 14
    VAR     сдвиг, и переход в состояние 15
    '('     сдвиг, и переход в состояние 21
    NOT     сдвиг, и переход в состояние 23

    alone_id   переход в состояние 32
    id_chain   переход в состояние 33
    varlet     переход в состояние 34
    var        переход в состояние 40
    expr       переход в состояние 96
    func_call  переход в состояние 37


состояние 65

   54 expr: expr GE . expr

    INT     сдвиг, и переход в состояние 4
    DOUBLE  сдвиг, и переход в состояние 5
    STRING  сдвиг, и переход в состояние 6
    CHAR    сдвиг, и переход в состояние 7
    ID      сдвиг, и переход в состояние 8
    TRUE    сдвиг, и переход в состояние 9
    FALSE   сдвиг, и переход в состояние 10
    VAL     сдвиг, и переход в состояние 14
    VAR     сдвиг, и переход в состояние 15
    '('     сдвиг, и переход в состояние 21
    NOT     сдвиг, и переход в состояние 23

    alone_id   переход в состояние 32
    id_chain   переход в состояние 33
    varlet     переход в состояние 34
    var        переход в состояние 40
    expr       переход в состояние 97
    func_call  переход в состояние 37


состояние 66

   44 expr: expr NOT .

    $default  вывод с использованием правила 44 (expr)


состояние 67

   58 expr: expr RANGE . expr

    INT     сдвиг, и переход в состояние 4
    DOUBLE  сдвиг, и переход в состояние 5
    STRING  сдвиг, и переход в состояние 6
    CHAR    сдвиг, и переход в состояние 7
    ID      сдвиг, и переход в состояние 8
    TRUE    сдвиг, и переход в состояние 9
    FALSE   сдвиг, и переход в состояние 10
    VAL     сдвиг, и переход в состояние 14
    VAR     сдвиг, и переход в состояние 15
    '('     сдвиг, и переход в состояние 21
    NOT     сдвиг, и переход в состояние 23

    alone_id   переход в состояние 32
    id_chain   переход в состояние 33
    varlet     переход в состояние 34
    var        переход в состояние 40
    expr       переход в состояние 98
    func_call  переход в состояние 37


состояние 68

   47 expr: expr '+' . expr

    INT     сдвиг, и переход в состояние 4
    DOUBLE  сдвиг, и переход в состояние 5
    STRING  сдвиг, и переход в состояние 6
    CHAR    сдвиг, и переход в состояние 7
    ID      сдвиг, и переход в состояние 8
    TRUE    сдвиг, и переход в состояние 9
    FALSE   сдвиг, и переход в состояние 10
    VAL     сдвиг, и переход в состояние 14
    VAR     сдвиг, и переход в состояние 15
    '('     сдвиг, и переход в состояние 21
    NOT     сдвиг, и переход в состояние 23

    alone_id   переход в состояние 32
    id_chain   переход в состояние 33
    varlet     переход в состояние 34
    var        переход в состояние 40
    expr       переход в состояние 99
    func_call  переход в состояние 37


состояние 69

   48 expr: expr '-' . expr

    INT     сдвиг, и переход в состояние 4
    DOUBLE  сдвиг, и переход в состояние 5
    STRING  сдвиг, и переход в состояние 6
    CHAR    сдвиг, и переход в состояние 7
    ID      сдвиг, и переход в состояние 8
    TRUE    сдвиг, и переход в состояние 9
    FALSE   сдвиг, и переход в состояние 10
    VAL     сдвиг, и переход в состояние 14
    VAR     сдвиг, и переход в состояние 15
    '('     сдвиг, и переход в состояние 21
    NOT     сдвиг, и переход в состояние 23

    alone_id   переход в состояние 32
    id_chain   переход в состояние 33
    varlet     переход в состояние 34
    var        переход в состояние 40
    expr       переход в состояние 100
    func_call  переход в состояние 37


состояние 70

   49 expr: expr '*' . expr

    INT     сдвиг, и переход в состояние 4
    DOUBLE  сдвиг, и переход в состояние 5
    STRING  сдвиг, и переход в состояние 6
    CHAR    сдвиг, и переход в состояние 7
    ID      сдвиг, и переход в состояние 8
    TRUE    сдвиг, и переход в состояние 9
    FALSE   сдвиг, и переход в состояние 10
    VAL     сдвиг, и переход в состояние 14
    VAR     сдвиг, и переход в состояние 15
    '('     сдвиг, и переход в состояние 21
    NOT     сдвиг, и переход в состояние 23

    alone_id   переход в состояние 32
    id_chain   переход в состояние 33
    varlet     переход в состояние 34
    var        переход в состояние 40
    expr       переход в состояние 101
    func_call  переход в состояние 37


состояние 71

   50 expr: expr '/' . expr

    INT     сдвиг, и переход в состояние 4
    DOUBLE  сдвиг, и переход в состояние 5
    STRING  сдвиг, и переход в состояние 6
    CHAR    сдвиг, и переход в состояние 7
    ID      сдвиг, и переход в состояние 8
    TRUE    сдвиг, и переход в состояние 9
    FALSE   сдвиг, и переход в состояние 10
    VAL     сдвиг, и переход в состояние 14
    VAR     сдвиг, и переход в состояние 15
    '('     сдвиг, и переход в состояние 21
    NOT     сдвиг, и переход в состояние 23

    alone_id   переход в состояние 32
    id_chain   переход в состояние 33
    varlet     переход в состояние 34
    var        переход в состояние 40
    expr       переход в состояние 102
    func_call  переход в состояние 37


состояние 72

   51 expr: expr '%' . expr

    INT     сдвиг, и переход в состояние 4
    DOUBLE  сдвиг, и переход в состояние 5
    STRING  сдвиг, и переход в состояние 6
    CHAR    сдвиг, и переход в состояние 7
    ID      сдвиг, и переход в состояние 8
    TRUE    сдвиг, и переход в состояние 9
    FALSE   сдвиг, и переход в состояние 10
    VAL     сдвиг, и переход в состояние 14
    VAR     сдвиг, и переход в состояние 15
    '('     сдвиг, и переход в состояние 21
    NOT     сдвиг, и переход в состояние 23

    alone_id   переход в состояние 32
    id_chain   переход в состояние 33
    varlet     переход в состояние 34
    var        переход в состояние 40
    expr       переход в состояние 103
    func_call  переход в состояние 37


состояние 73

   17 stmt: expr end_expr .

    $default  вывод с использованием правила 17 (stmt)


состояние 74

   16 stmt: RETURN expr end_expr .

    $default  вывод с использованием правила 16 (stmt)


состояние 75

   25 stmt_while: WHILE expr opt_endl . stmt_block

    '{'  сдвиг, и переход в состояние 20

    stmt_block  переход в состояние 104


состояние 76

   72 func_body: '(' . arg_list_decl ')' ':' varubleType opt_endl stmt_block
   73          | '(' . arg_list_decl ')' opt_endl stmt_block

    ID  сдвиг, и переход в состояние 8

    $default  вывод с использованием правила 74 (arg_list_decl)

    alone_id       переход в состояние 105
    arg_list_decl  переход в состояние 106
    args_decl      переход в состояние 107


состояние 77

   71 func_decl_named: FUN id_chain func_body .

    $default  вывод с использованием правила 71 (func_decl_named)


состояние 78

   26 stmt_for: FOR '(' alone_id . IN expr ')' opt_endl stmt_block

    IN  сдвиг, и переход в состояние 108


состояние 79

   21 stmt_if: IF expr opt_endl . stmt_block elseif_list opt_endl
   22        | IF expr opt_endl . stmt_block elseif_list ELSE stmt_block opt_endl

    '{'  сдвиг, и переход в состояние 20

    stmt_block  переход в состояние 109


состояние 80

   27 stmt_do_while: DO stmt_block WHILE . expr

    INT     сдвиг, и переход в состояние 4
    DOUBLE  сдвиг, и переход в состояние 5
    STRING  сдвиг, и переход в состояние 6
    CHAR    сдвиг, и переход в состояние 7
    ID      сдвиг, и переход в состояние 8
    TRUE    сдвиг, и переход в состояние 9
    FALSE   сдвиг, и переход в состояние 10
    VAL     сдвиг, и переход в состояние 14
    VAR     сдвиг, и переход в состояние 15
    '('     сдвиг, и переход в состояние 21
    NOT     сдвиг, и переход в состояние 23

    alone_id   переход в состояние 32
    id_chain   переход в состояние 33
    varlet     переход в состояние 34
    var        переход в состояние 40
    expr       переход в состояние 110
    func_call  переход в состояние 37


состояние 81

    6 stmt_block: '{' stmt_list '}' . opt_endl

    ENDL  сдвиг, и переход в состояние 50

    ENDL      [вывод с использованием правила 3 (opt_endl)]
    $default  вывод с использованием правила 3 (opt_endl)

    opt_endl  переход в состояние 111


состояние 82

   59 expr: '(' expr ')' .

    $default  вывод с использованием правила 59 (expr)


состояние 83

   30 id_chain: id_chain '.' alone_id .

    $default  вывод с использованием правила 30 (id_chain)


состояние 84

   35 var: varlet id_chain ':' . varubleType

    INTT      сдвиг, и переход в состояние 112
    CHART     сдвиг, и переход в состояние 113
    BOOLEANT  сдвиг, и переход в состояние 114
    DOUBLET   сдвиг, и переход в состояние 115

    varubleType  переход в состояние 116


состояние 85

   30 id_chain: id_chain . '.' alone_id
   33 var: id_chain .
   65 args: id_chain . ':' expr

    '.'  сдвиг, и переход в состояние 54
    ':'  сдвиг, и переход в состояние 117

    $default  вывод с использованием правила 33 (var)


состояние 86

   44 expr: expr . NOT
   45     | expr . AND expr
   46     | expr . OR expr
   47     | expr . '+' expr
   48     | expr . '-' expr
   49     | expr . '*' expr
   50     | expr . '/' expr
   51     | expr . '%' expr
   52     | expr . '>' expr
   53     | expr . '<' expr
   54     | expr . GE expr
   55     | expr . LE expr
   56     | expr . EQ expr
   57     | expr . NE expr
   58     | expr . RANGE expr
   64 args: expr .

    AND    сдвиг, и переход в состояние 58
    OR     сдвиг, и переход в состояние 59
    '<'    сдвиг, и переход в состояние 60
    '>'    сдвиг, и переход в состояние 61
    EQ     сдвиг, и переход в состояние 62
    NE     сдвиг, и переход в состояние 63
    LE     сдвиг, и переход в состояние 64
    GE     сдвиг, и переход в состояние 65
    NOT    сдвиг, и переход в состояние 66
    RANGE  сдвиг, и переход в состояние 67
    '+'    сдвиг, и переход в состояние 68
    '-'    сдвиг, и переход в состояние 69
    '*'    сдвиг, и переход в состояние 70
    '/'    сдвиг, и переход в состояние 71
    '%'    сдвиг, и переход в состояние 72

    $default  вывод с использованием правила 64 (args)


состояние 87

   61 func_call: var '(' arg_list . ')'

    ')'  сдвиг, и переход в состояние 118


состояние 88

   63 arg_list: args .
   66 args: args . ',' alone_id ':' expr

    ','  сдвиг, и переход в состояние 119

    $default  вывод с использованием правила 63 (arg_list)


состояние 89

   18 stmt: var '=' expr . end_expr
   44 expr: expr . NOT
   45     | expr . AND expr
   46     | expr . OR expr
   47     | expr . '+' expr
   48     | expr . '-' expr
   49     | expr . '*' expr
   50     | expr . '/' expr
   51     | expr . '%' expr
   52     | expr . '>' expr
   53     | expr . '<' expr
   54     | expr . GE expr
   55     | expr . LE expr
   56     | expr . EQ expr
   57     | expr . NE expr
   58     | expr . RANGE expr

    AND    сдвиг, и переход в состояние 58
    OR     сдвиг, и переход в состояние 59
    '<'    сдвиг, и переход в состояние 60
    '>'    сдвиг, и переход в состояние 61
    ';'    сдвиг, и переход в состояние 22
    EQ     сдвиг, и переход в состояние 62
    NE     сдвиг, и переход в состояние 63
    LE     сдвиг, и переход в состояние 64
    GE     сдвиг, и переход в состояние 65
    NOT    сдвиг, и переход в состояние 66
    ENDL   сдвиг, и переход в состояние 24
    RANGE  сдвиг, и переход в состояние 67
    '+'    сдвиг, и переход в состояние 68
    '-'    сдвиг, и переход в состояние 69
    '*'    сдвиг, и переход в состояние 70
    '/'    сдвиг, и переход в состояние 71
    '%'    сдвиг, и переход в состояние 72

    end_expr  переход в состояние 120


состояние 90

   44 expr: expr . NOT
   45     | expr . AND expr
   45     | expr AND expr .
   46     | expr . OR expr
   47     | expr . '+' expr
   48     | expr . '-' expr
   49     | expr . '*' expr
   50     | expr . '/' expr
   51     | expr . '%' expr
   52     | expr . '>' expr
   53     | expr . '<' expr
   54     | expr . GE expr
   55     | expr . LE expr
   56     | expr . EQ expr
   57     | expr . NE expr
   58     | expr . RANGE expr

    '<'    сдвиг, и переход в состояние 60
    '>'    сдвиг, и переход в состояние 61
    EQ     сдвиг, и переход в состояние 62
    NE     сдвиг, и переход в состояние 63
    LE     сдвиг, и переход в состояние 64
    GE     сдвиг, и переход в состояние 65
    NOT    сдвиг, и переход в состояние 66
    RANGE  сдвиг, и переход в состояние 67
    '+'    сдвиг, и переход в состояние 68
    '-'    сдвиг, и переход в состояние 69
    '*'    сдвиг, и переход в состояние 70
    '/'    сдвиг, и переход в состояние 71
    '%'    сдвиг, и переход в состояние 72

    $default  вывод с использованием правила 45 (expr)


состояние 91

   44 expr: expr . NOT
   45     | expr . AND expr
   46     | expr . OR expr
   46     | expr OR expr .
   47     | expr . '+' expr
   48     | expr . '-' expr
   49     | expr . '*' expr
   50     | expr . '/' expr
   51     | expr . '%' expr
   52     | expr . '>' expr
   53     | expr . '<' expr
   54     | expr . GE expr
   55     | expr . LE expr
   56     | expr . EQ expr
   57     | expr . NE expr
   58     | expr . RANGE expr

    AND    сдвиг, и переход в состояние 58
    '<'    сдвиг, и переход в состояние 60
    '>'    сдвиг, и переход в состояние 61
    EQ     сдвиг, и переход в состояние 62
    NE     сдвиг, и переход в состояние 63
    LE     сдвиг, и переход в состояние 64
    GE     сдвиг, и переход в состояние 65
    NOT    сдвиг, и переход в состояние 66
    RANGE  сдвиг, и переход в состояние 67
    '+'    сдвиг, и переход в состояние 68
    '-'    сдвиг, и переход в состояние 69
    '*'    сдвиг, и переход в состояние 70
    '/'    сдвиг, и переход в состояние 71
    '%'    сдвиг, и переход в состояние 72

    $default  вывод с использованием правила 46 (expr)


состояние 92

   44 expr: expr . NOT
   45     | expr . AND expr
   46     | expr . OR expr
   47     | expr . '+' expr
   48     | expr . '-' expr
   49     | expr . '*' expr
   50     | expr . '/' expr
   51     | expr . '%' expr
   52     | expr . '>' expr
   53     | expr . '<' expr
   53     | expr '<' expr .
   54     | expr . GE expr
   55     | expr . LE expr
   56     | expr . EQ expr
   57     | expr . NE expr
   58     | expr . RANGE expr

    NOT  сдвиг, и переход в состояние 66
    '+'  сдвиг, и переход в состояние 68
    '-'  сдвиг, и переход в состояние 69
    '*'  сдвиг, и переход в состояние 70
    '/'  сдвиг, и переход в состояние 71
    '%'  сдвиг, и переход в состояние 72

    $default  вывод с использованием правила 53 (expr)


состояние 93

   44 expr: expr . NOT
   45     | expr . AND expr
   46     | expr . OR expr
   47     | expr . '+' expr
   48     | expr . '-' expr
   49     | expr . '*' expr
   50     | expr . '/' expr
   51     | expr . '%' expr
   52     | expr . '>' expr
   52     | expr '>' expr .
   53     | expr . '<' expr
   54     | expr . GE expr
   55     | expr . LE expr
   56     | expr . EQ expr
   57     | expr . NE expr
   58     | expr . RANGE expr

    NOT  сдвиг, и переход в состояние 66
    '+'  сдвиг, и переход в состояние 68
    '-'  сдвиг, и переход в состояние 69
    '*'  сдвиг, и переход в состояние 70
    '/'  сдвиг, и переход в состояние 71
    '%'  сдвиг, и переход в состояние 72

    $default  вывод с использованием правила 52 (expr)


состояние 94

   44 expr: expr . NOT
   45     | expr . AND expr
   46     | expr . OR expr
   47     | expr . '+' expr
   48     | expr . '-' expr
   49     | expr . '*' expr
   50     | expr . '/' expr
   51     | expr . '%' expr
   52     | expr . '>' expr
   53     | expr . '<' expr
   54     | expr . GE expr
   55     | expr . LE expr
   56     | expr . EQ expr
   56     | expr EQ expr .
   57     | expr . NE expr
   58     | expr . RANGE expr

    NOT  сдвиг, и переход в состояние 66
    '+'  сдвиг, и переход в состояние 68
    '-'  сдвиг, и переход в состояние 69
    '*'  сдвиг, и переход в состояние 70
    '/'  сдвиг, и переход в состояние 71
    '%'  сдвиг, и переход в состояние 72

    $default  вывод с использованием правила 56 (expr)


состояние 95

   44 expr: expr . NOT
   45     | expr . AND expr
   46     | expr . OR expr
   47     | expr . '+' expr
   48     | expr . '-' expr
   49     | expr . '*' expr
   50     | expr . '/' expr
   51     | expr . '%' expr
   52     | expr . '>' expr
   53     | expr . '<' expr
   54     | expr . GE expr
   55     | expr . LE expr
   56     | expr . EQ expr
   57     | expr . NE expr
   57     | expr NE expr .
   58     | expr . RANGE expr

    NOT  сдвиг, и переход в состояние 66
    '+'  сдвиг, и переход в состояние 68
    '-'  сдвиг, и переход в состояние 69
    '*'  сдвиг, и переход в состояние 70
    '/'  сдвиг, и переход в состояние 71
    '%'  сдвиг, и переход в состояние 72

    $default  вывод с использованием правила 57 (expr)


состояние 96

   44 expr: expr . NOT
   45     | expr . AND expr
   46     | expr . OR expr
   47     | expr . '+' expr
   48     | expr . '-' expr
   49     | expr . '*' expr
   50     | expr . '/' expr
   51     | expr . '%' expr
   52     | expr . '>' expr
   53     | expr . '<' expr
   54     | expr . GE expr
   55     | expr . LE expr
   55     | expr LE expr .
   56     | expr . EQ expr
   57     | expr . NE expr
   58     | expr . RANGE expr

    NOT  сдвиг, и переход в состояние 66
    '+'  сдвиг, и переход в состояние 68
    '-'  сдвиг, и переход в состояние 69
    '*'  сдвиг, и переход в состояние 70
    '/'  сдвиг, и переход в состояние 71
    '%'  сдвиг, и переход в состояние 72

    $default  вывод с использованием правила 55 (expr)


состояние 97

   44 expr: expr . NOT
   45     | expr . AND expr
   46     | expr . OR expr
   47     | expr . '+' expr
   48     | expr . '-' expr
   49     | expr . '*' expr
   50     | expr . '/' expr
   51     | expr . '%' expr
   52     | expr . '>' expr
   53     | expr . '<' expr
   54     | expr . GE expr
   54     | expr GE expr .
   55     | expr . LE expr
   56     | expr . EQ expr
   57     | expr . NE expr
   58     | expr . RANGE expr

    NOT  сдвиг, и переход в состояние 66
    '+'  сдвиг, и переход в состояние 68
    '-'  сдвиг, и переход в состояние 69
    '*'  сдвиг, и переход в состояние 70
    '/'  сдвиг, и переход в состояние 71
    '%'  сдвиг, и переход в состояние 72

    $default  вывод с использованием правила 54 (expr)


состояние 98

   44 expr: expr . NOT
   45     | expr . AND expr
   46     | expr . OR expr
   47     | expr . '+' expr
   48     | expr . '-' expr
   49     | expr . '*' expr
   50     | expr . '/' expr
   51     | expr . '%' expr
   52     | expr . '>' expr
   53     | expr . '<' expr
   54     | expr . GE expr
   55     | expr . LE expr
   56     | expr . EQ expr
   57     | expr . NE expr
   58     | expr . RANGE expr
   58     | expr RANGE expr .

    NOT  сдвиг, и переход в состояние 66
    '+'  сдвиг, и переход в состояние 68
    '-'  сдвиг, и переход в состояние 69
    '*'  сдвиг, и переход в состояние 70
    '/'  сдвиг, и переход в состояние 71
    '%'  сдвиг, и переход в состояние 72

    $default  вывод с использованием правила 58 (expr)


состояние 99

   44 expr: expr . NOT
   45     | expr . AND expr
   46     | expr . OR expr
   47     | expr . '+' expr
   47     | expr '+' expr .
   48     | expr . '-' expr
   49     | expr . '*' expr
   50     | expr . '/' expr
   51     | expr . '%' expr
   52     | expr . '>' expr
   53     | expr . '<' expr
   54     | expr . GE expr
   55     | expr . LE expr
   56     | expr . EQ expr
   57     | expr . NE expr
   58     | expr . RANGE expr

    NOT  сдвиг, и переход в состояние 66
    '*'  сдвиг, и переход в состояние 70
    '/'  сдвиг, и переход в состояние 71
    '%'  сдвиг, и переход в состояние 72

    $default  вывод с использованием правила 47 (expr)


состояние 100

   44 expr: expr . NOT
   45     | expr . AND expr
   46     | expr . OR expr
   47     | expr . '+' expr
   48     | expr . '-' expr
   48     | expr '-' expr .
   49     | expr . '*' expr
   50     | expr . '/' expr
   51     | expr . '%' expr
   52     | expr . '>' expr
   53     | expr . '<' expr
   54     | expr . GE expr
   55     | expr . LE expr
   56     | expr . EQ expr
   57     | expr . NE expr
   58     | expr . RANGE expr

    NOT  сдвиг, и переход в состояние 66
    '*'  сдвиг, и переход в состояние 70
    '/'  сдвиг, и переход в состояние 71
    '%'  сдвиг, и переход в состояние 72

    $default  вывод с использованием правила 48 (expr)


состояние 101

   44 expr: expr . NOT
   45     | expr . AND expr
   46     | expr . OR expr
   47     | expr . '+' expr
   48     | expr . '-' expr
   49     | expr . '*' expr
   49     | expr '*' expr .
   50     | expr . '/' expr
   51     | expr . '%' expr
   52     | expr . '>' expr
   53     | expr . '<' expr
   54     | expr . GE expr
   55     | expr . LE expr
   56     | expr . EQ expr
   57     | expr . NE expr
   58     | expr . RANGE expr

    NOT  сдвиг, и переход в состояние 66

    $default  вывод с использованием правила 49 (expr)


состояние 102

   44 expr: expr . NOT
   45     | expr . AND expr
   46     | expr . OR expr
   47     | expr . '+' expr
   48     | expr . '-' expr
   49     | expr . '*' expr
   50     | expr . '/' expr
   50     | expr '/' expr .
   51     | expr . '%' expr
   52     | expr . '>' expr
   53     | expr . '<' expr
   54     | expr . GE expr
   55     | expr . LE expr
   56     | expr . EQ expr
   57     | expr . NE expr
   58     | expr . RANGE expr

    NOT  сдвиг, и переход в состояние 66

    $default  вывод с использованием правила 50 (expr)


состояние 103

   44 expr: expr . NOT
   45     | expr . AND expr
   46     | expr . OR expr
   47     | expr . '+' expr
   48     | expr . '-' expr
   49     | expr . '*' expr
   50     | expr . '/' expr
   51     | expr . '%' expr
   51     | expr '%' expr .
   52     | expr . '>' expr
   53     | expr . '<' expr
   54     | expr . GE expr
   55     | expr . LE expr
   56     | expr . EQ expr
   57     | expr . NE expr
   58     | expr . RANGE expr

    NOT  сдвиг, и переход в состояние 66

    $default  вывод с использованием правила 51 (expr)


состояние 104

   25 stmt_while: WHILE expr opt_endl stmt_block .

    $default  вывод с использованием правила 25 (stmt_while)


состояние 105

   76 args_decl: alone_id . ':' varubleType

    ':'  сдвиг, и переход в состояние 121


состояние 106

   72 func_body: '(' arg_list_decl . ')' ':' varubleType opt_endl stmt_block
   73          | '(' arg_list_decl . ')' opt_endl stmt_block

    ')'  сдвиг, и переход в состояние 122


состояние 107

   75 arg_list_decl: args_decl .
   77 args_decl: args_decl . ',' alone_id ':' varubleType

    ','  сдвиг, и переход в состояние 123

    $default  вывод с использованием правила 75 (arg_list_decl)


состояние 108

   26 stmt_for: FOR '(' alone_id IN . expr ')' opt_endl stmt_block

    INT     сдвиг, и переход в состояние 4
    DOUBLE  сдвиг, и переход в состояние 5
    STRING  сдвиг, и переход в состояние 6
    CHAR    сдвиг, и переход в состояние 7
    ID      сдвиг, и переход в состояние 8
    TRUE    сдвиг, и переход в состояние 9
    FALSE   сдвиг, и переход в состояние 10
    VAL     сдвиг, и переход в состояние 14
    VAR     сдвиг, и переход в состояние 15
    '('     сдвиг, и переход в состояние 21
    NOT     сдвиг, и переход в состояние 23

    alone_id   переход в состояние 32
    id_chain   переход в состояние 33
    varlet     переход в состояние 34
    var        переход в состояние 40
    expr       переход в состояние 124
    func_call  переход в состояние 37


состояние 109

   21 stmt_if: IF expr opt_endl stmt_block . elseif_list opt_endl
   22        | IF expr opt_endl stmt_block . elseif_list ELSE stmt_block opt_endl

    $default  вывод с использованием правила 23 (elseif_list)

    elseif_list  переход в состояние 125


состояние 110

   27 stmt_do_while: DO stmt_block WHILE expr .
   44 expr: expr . NOT
   45     | expr . AND expr
   46     | expr . OR expr
   47     | expr . '+' expr
   48     | expr . '-' expr
   49     | expr . '*' expr
   50     | expr . '/' expr
   51     | expr . '%' expr
   52     | expr . '>' expr
   53     | expr . '<' expr
   54     | expr . GE expr
   55     | expr . LE expr
   56     | expr . EQ expr
   57     | expr . NE expr
   58     | expr . RANGE expr

    AND    сдвиг, и переход в состояние 58
    OR     сдвиг, и переход в состояние 59
    '<'    сдвиг, и переход в состояние 60
    '>'    сдвиг, и переход в состояние 61
    EQ     сдвиг, и переход в состояние 62
    NE     сдвиг, и переход в состояние 63
    LE     сдвиг, и переход в состояние 64
    GE     сдвиг, и переход в состояние 65
    NOT    сдвиг, и переход в состояние 66
    RANGE  сдвиг, и переход в состояние 67
    '+'    сдвиг, и переход в состояние 68
    '-'    сдвиг, и переход в состояние 69
    '*'    сдвиг, и переход в состояние 70
    '/'    сдвиг, и переход в состояние 71
    '%'    сдвиг, и переход в состояние 72

    NOT       [вывод с использованием правила 27 (stmt_do_while)]
    $default  вывод с использованием правила 27 (stmt_do_while)


состояние 111

    6 stmt_block: '{' stmt_list '}' opt_endl .

    $default  вывод с использованием правила 6 (stmt_block)


состояние 112

   67 varubleType: INTT .

    $default  вывод с использованием правила 67 (varubleType)


состояние 113

   70 varubleType: CHART .

    $default  вывод с использованием правила 70 (varubleType)


состояние 114

   69 varubleType: BOOLEANT .

    $default  вывод с использованием правила 69 (varubleType)


состояние 115

   68 varubleType: DOUBLET .

    $default  вывод с использованием правила 68 (varubleType)


состояние 116

   35 var: varlet id_chain ':' varubleType .

    $default  вывод с использованием правила 35 (var)


состояние 117

   65 args: id_chain ':' . expr

    INT     сдвиг, и переход в состояние 4
    DOUBLE  сдвиг, и переход в состояние 5
    STRING  сдвиг, и переход в состояние 6
    CHAR    сдвиг, и переход в состояние 7
    ID      сдвиг, и переход в состояние 8
    TRUE    сдвиг, и переход в состояние 9
    FALSE   сдвиг, и переход в состояние 10
    VAL     сдвиг, и переход в состояние 14
    VAR     сдвиг, и переход в состояние 15
    '('     сдвиг, и переход в состояние 21
    NOT     сдвиг, и переход в состояние 23

    alone_id   переход в состояние 32
    id_chain   переход в состояние 33
    varlet     переход в состояние 34
    var        переход в состояние 40
    expr       переход в состояние 126
    func_call  переход в состояние 37


состояние 118

   61 func_call: var '(' arg_list ')' .

    $default  вывод с использованием правила 61 (func_call)


состояние 119

   66 args: args ',' . alone_id ':' expr

    ID  сдвиг, и переход в состояние 8

    alone_id  переход в состояние 127


состояние 120

   18 stmt: var '=' expr end_expr .

    $default  вывод с использованием правила 18 (stmt)


состояние 121

   76 args_decl: alone_id ':' . varubleType

    INTT      сдвиг, и переход в состояние 112
    CHART     сдвиг, и переход в состояние 113
    BOOLEANT  сдвиг, и переход в состояние 114
    DOUBLET   сдвиг, и переход в состояние 115

    varubleType  переход в состояние 128


состояние 122

   72 func_body: '(' arg_list_decl ')' . ':' varubleType opt_endl stmt_block
   73          | '(' arg_list_decl ')' . opt_endl stmt_block

    ':'   сдвиг, и переход в состояние 129
    ENDL  сдвиг, и переход в состояние 50

    $default  вывод с использованием правила 3 (opt_endl)

    opt_endl  переход в состояние 130


состояние 123

   77 args_decl: args_decl ',' . alone_id ':' varubleType

    ID  сдвиг, и переход в состояние 8

    alone_id  переход в состояние 131


состояние 124

   26 stmt_for: FOR '(' alone_id IN expr . ')' opt_endl stmt_block
   44 expr: expr . NOT
   45     | expr . AND expr
   46     | expr . OR expr
   47     | expr . '+' expr
   48     | expr . '-' expr
   49     | expr . '*' expr
   50     | expr . '/' expr
   51     | expr . '%' expr
   52     | expr . '>' expr
   53     | expr . '<' expr
   54     | expr . GE expr
   55     | expr . LE expr
   56     | expr . EQ expr
   57     | expr . NE expr
   58     | expr . RANGE expr

    AND    сдвиг, и переход в состояние 58
    OR     сдвиг, и переход в состояние 59
    ')'    сдвиг, и переход в состояние 132
    '<'    сдвиг, и переход в состояние 60
    '>'    сдвиг, и переход в состояние 61
    EQ     сдвиг, и переход в состояние 62
    NE     сдвиг, и переход в состояние 63
    LE     сдвиг, и переход в состояние 64
    GE     сдвиг, и переход в состояние 65
    NOT    сдвиг, и переход в состояние 66
    RANGE  сдвиг, и переход в состояние 67
    '+'    сдвиг, и переход в состояние 68
    '-'    сдвиг, и переход в состояние 69
    '*'    сдвиг, и переход в состояние 70
    '/'    сдвиг, и переход в состояние 71
    '%'    сдвиг, и переход в состояние 72


состояние 125

   21 stmt_if: IF expr opt_endl stmt_block elseif_list . opt_endl
   22        | IF expr opt_endl stmt_block elseif_list . ELSE stmt_block opt_endl
   24 elseif_list: elseif_list . ELSEIF expr stmt_block

    ELSE    сдвиг, и переход в состояние 133
    ELSEIF  сдвиг, и переход в состояние 134
    ENDL    сдвиг, и переход в состояние 50

    ENDL      [вывод с использованием правила 3 (opt_endl)]
    $default  вывод с использованием правила 3 (opt_endl)

    opt_endl  переход в состояние 135


состояние 126

   44 expr: expr . NOT
   45     | expr . AND expr
   46     | expr . OR expr
   47     | expr . '+' expr
   48     | expr . '-' expr
   49     | expr . '*' expr
   50     | expr . '/' expr
   51     | expr . '%' expr
   52     | expr . '>' expr
   53     | expr . '<' expr
   54     | expr . GE expr
   55     | expr . LE expr
   56     | expr . EQ expr
   57     | expr . NE expr
   58     | expr . RANGE expr
   65 args: id_chain ':' expr .

    AND    сдвиг, и переход в состояние 58
    OR     сдвиг, и переход в состояние 59
    '<'    сдвиг, и переход в состояние 60
    '>'    сдвиг, и переход в состояние 61
    EQ     сдвиг, и переход в состояние 62
    NE     сдвиг, и переход в состояние 63
    LE     сдвиг, и переход в состояние 64
    GE     сдвиг, и переход в состояние 65
    NOT    сдвиг, и переход в состояние 66
    RANGE  сдвиг, и переход в состояние 67
    '+'    сдвиг, и переход в состояние 68
    '-'    сдвиг, и переход в состояние 69
    '*'    сдвиг, и переход в состояние 70
    '/'    сдвиг, и переход в состояние 71
    '%'    сдвиг, и переход в состояние 72

    $default  вывод с использованием правила 65 (args)


состояние 127

   66 args: args ',' alone_id . ':' expr

    ':'  сдвиг, и переход в состояние 136


состояние 128

   76 args_decl: alone_id ':' varubleType .

    $default  вывод с использованием правила 76 (args_decl)


состояние 129

   72 func_body: '(' arg_list_decl ')' ':' . varubleType opt_endl stmt_block

    INTT      сдвиг, и переход в состояние 112
    CHART     сдвиг, и переход в состояние 113
    BOOLEANT  сдвиг, и переход в состояние 114
    DOUBLET   сдвиг, и переход в состояние 115

    varubleType  переход в состояние 137


состояние 130

   73 func_body: '(' arg_list_decl ')' opt_endl . stmt_block

    '{'  сдвиг, и переход в состояние 20

    stmt_block  переход в состояние 138


состояние 131

   77 args_decl: args_decl ',' alone_id . ':' varubleType

    ':'  сдвиг, и переход в состояние 139


состояние 132

   26 stmt_for: FOR '(' alone_id IN expr ')' . opt_endl stmt_block

    ENDL  сдвиг, и переход в состояние 50

    $default  вывод с использованием правила 3 (opt_endl)

    opt_endl  переход в состояние 140


состояние 133

   22 stmt_if: IF expr opt_endl stmt_block elseif_list ELSE . stmt_block opt_endl

    '{'  сдвиг, и переход в состояние 20

    stmt_block  переход в состояние 141


состояние 134

   24 elseif_list: elseif_list ELSEIF . expr stmt_block

    INT     сдвиг, и переход в состояние 4
    DOUBLE  сдвиг, и переход в состояние 5
    STRING  сдвиг, и переход в состояние 6
    CHAR    сдвиг, и переход в состояние 7
    ID      сдвиг, и переход в состояние 8
    TRUE    сдвиг, и переход в состояние 9
    FALSE   сдвиг, и переход в состояние 10
    VAL     сдвиг, и переход в состояние 14
    VAR     сдвиг, и переход в состояние 15
    '('     сдвиг, и переход в состояние 21
    NOT     сдвиг, и переход в состояние 23

    alone_id   переход в состояние 32
    id_chain   переход в состояние 33
    varlet     переход в состояние 34
    var        переход в состояние 40
    expr       переход в состояние 142
    func_call  переход в состояние 37


состояние 135

   21 stmt_if: IF expr opt_endl stmt_block elseif_list opt_endl .

    $default  вывод с использованием правила 21 (stmt_if)


состояние 136

   66 args: args ',' alone_id ':' . expr

    INT     сдвиг, и переход в состояние 4
    DOUBLE  сдвиг, и переход в состояние 5
    STRING  сдвиг, и переход в состояние 6
    CHAR    сдвиг, и переход в состояние 7
    ID      сдвиг, и переход в состояние 8
    TRUE    сдвиг, и переход в состояние 9
    FALSE   сдвиг, и переход в состояние 10
    VAL     сдвиг, и переход в состояние 14
    VAR     сдвиг, и переход в состояние 15
    '('     сдвиг, и переход в состояние 21
    NOT     сдвиг, и переход в состояние 23

    alone_id   переход в состояние 32
    id_chain   переход в состояние 33
    varlet     переход в состояние 34
    var        переход в состояние 40
    expr       переход в состояние 143
    func_call  переход в состояние 37


состояние 137

   72 func_body: '(' arg_list_decl ')' ':' varubleType . opt_endl stmt_block

    ENDL  сдвиг, и переход в состояние 50

    $default  вывод с использованием правила 3 (opt_endl)

    opt_endl  переход в состояние 144


состояние 138

   73 func_body: '(' arg_list_decl ')' opt_endl stmt_block .

    $default  вывод с использованием правила 73 (func_body)


состояние 139

   77 args_decl: args_decl ',' alone_id ':' . varubleType

    INTT      сдвиг, и переход в состояние 112
    CHART     сдвиг, и переход в состояние 113
    BOOLEANT  сдвиг, и переход в состояние 114
    DOUBLET   сдвиг, и переход в состояние 115

    varubleType  переход в состояние 145


состояние 140

   26 stmt_for: FOR '(' alone_id IN expr ')' opt_endl . stmt_block

    '{'  сдвиг, и переход в состояние 20

    stmt_block  переход в состояние 146


состояние 141

   22 stmt_if: IF expr opt_endl stmt_block elseif_list ELSE stmt_block . opt_endl

    ENDL  сдвиг, и переход в состояние 50

    ENDL      [вывод с использованием правила 3 (opt_endl)]
    $default  вывод с использованием правила 3 (opt_endl)

    opt_endl  переход в состояние 147


состояние 142

   24 elseif_list: elseif_list ELSEIF expr . stmt_block
   44 expr: expr . NOT
   45     | expr . AND expr
   46     | expr . OR expr
   47     | expr . '+' expr
   48     | expr . '-' expr
   49     | expr . '*' expr
   50     | expr . '/' expr
   51     | expr . '%' expr
   52     | expr . '>' expr
   53     | expr . '<' expr
   54     | expr . GE expr
   55     | expr . LE expr
   56     | expr . EQ expr
   57     | expr . NE expr
   58     | expr . RANGE expr

    AND    сдвиг, и переход в состояние 58
    OR     сдвиг, и переход в состояние 59
    '{'    сдвиг, и переход в состояние 20
    '<'    сдвиг, и переход в состояние 60
    '>'    сдвиг, и переход в состояние 61
    EQ     сдвиг, и переход в состояние 62
    NE     сдвиг, и переход в состояние 63
    LE     сдвиг, и переход в состояние 64
    GE     сдвиг, и переход в состояние 65
    NOT    сдвиг, и переход в состояние 66
    RANGE  сдвиг, и переход в состояние 67
    '+'    сдвиг, и переход в состояние 68
    '-'    сдвиг, и переход в состояние 69
    '*'    сдвиг, и переход в состояние 70
    '/'    сдвиг, и переход в состояние 71
    '%'    сдвиг, и переход в состояние 72

    stmt_block  переход в состояние 148


состояние 143

   44 expr: expr . NOT
   45     | expr . AND expr
   46     | expr . OR expr
   47     | expr . '+' expr
   48     | expr . '-' expr
   49     | expr . '*' expr
   50     | expr . '/' expr
   51     | expr . '%' expr
   52     | expr . '>' expr
   53     | expr . '<' expr
   54     | expr . GE expr
   55     | expr . LE expr
   56     | expr . EQ expr
   57     | expr . NE expr
   58     | expr . RANGE expr
   66 args: args ',' alone_id ':' expr .

    AND    сдвиг, и переход в состояние 58
    OR     сдвиг, и переход в состояние 59
    '<'    сдвиг, и переход в состояние 60
    '>'    сдвиг, и переход в состояние 61
    EQ     сдвиг, и переход в состояние 62
    NE     сдвиг, и переход в состояние 63
    LE     сдвиг, и переход в состояние 64
    GE     сдвиг, и переход в состояние 65
    NOT    сдвиг, и переход в состояние 66
    RANGE  сдвиг, и переход в состояние 67
    '+'    сдвиг, и переход в состояние 68
    '-'    сдвиг, и переход в состояние 69
    '*'    сдвиг, и переход в состояние 70
    '/'    сдвиг, и переход в состояние 71
    '%'    сдвиг, и переход в состояние 72

    $default  вывод с использованием правила 66 (args)


состояние 144

   72 func_body: '(' arg_list_decl ')' ':' varubleType opt_endl . stmt_block

    '{'  сдвиг, и переход в состояние 20

    stmt_block  переход в состояние 149


состояние 145

   77 args_decl: args_decl ',' alone_id ':' varubleType .

    $default  вывод с использованием правила 77 (args_decl)


состояние 146

   26 stmt_for: FOR '(' alone_id IN expr ')' opt_endl stmt_block .

    $default  вывод с использованием правила 26 (stmt_for)


состояние 147

   22 stmt_if: IF expr opt_endl stmt_block elseif_list ELSE stmt_block opt_endl .

    $default  вывод с использованием правила 22 (stmt_if)


состояние 148

   24 elseif_list: elseif_list ELSEIF expr stmt_block .

    $default  вывод с использованием правила 24 (elseif_list)


состояние 149

   72 func_body: '(' arg_list_decl ')' ':' varubleType opt_endl stmt_block .

    $default  вывод с использованием правила 72 (func_body)
